Assuming input is already sorted
Building FSA...                        0.01 sec.  [  0.07 sec.]
Input sequences                      25,481
Warning: input contained carriage returns?
Statistics...                          0.06 sec.  [  0.13 sec.]
Nodes                                22,701
Arcs                                 48,181
Tail nodes                            5,123
States with the given # of outgoing arcs:
  #1                                 10,578
  #2                                  7,549
  #3                                  2,145
  #4                                    860
  #5                                    501
  #6                                    278
  #7                                    167
  #8                                    125
  #9                                    117
  #10                                    87
  #11                                    57
  #12                                    43
  #13                                    39
  #14                                    29
  #15                                    29
  #16                                    17
  #17                                    20
  #18                                    14
  #19                                    12
  #20                                    12
  #21                                     4
  #22                                     3
  #23                                     1
  #24                                     3
  #25                                     2
  #26                                     4
  #27                                     1
  #28                                     1
  #29                                     0
  #30                                     0
  #31                                     0
  #32                                     0
  #33                                     0
  #34                                     0
  #35                                     1
  #36                                     0
  #37                                     0
  #38                                     0
  #39                                     0
  #40                                     0
  #41                                     0
  #42                                     0
  #43                                     0
  #44                                     0
  #45                                     0
  #46                                     0
  #47                                     0
  #48                                     0
  #49                                     0
  #50                                     0
  #51                                     0
  #52                                     1
FSA builder properties:
Serialization buffer size         5,242,880
Serialization buffer reallocs             1
Constant arc FSA size               324,414
Max active path                          23
Registry hash slots                  16,384
Registry hash entries                 5,124
Estimated mem consumption (MB)       5.0625
est. number storage                  25,482
Serializing CFSA2...          
Label distribution...         
0x65                                  4,600
0xd                                   4,169
0x69                                  3,970
0x61                                  3,897
0x74                                  3,352
0x6f                                  2,974
0x72                                  2,614
0x6e                                  2,528
0x6c                                  2,410
0x73                                  2,328
0x63                                  1,696
0x75                                  1,553
0x6d                                  1,402
0x79                                  1,389
0x64                                  1,321
0x68                                  1,224
0x67                                  1,132
0x70                                  1,122
0x62                                  1,114
0x66                                    726
0x76                                    603
0x6b                                    580
0x77                                    559
0x7a                                    220
0x78                                    165
0x71                                    106
0x6a                                     81
0x27                                     53
0x43                                     24
0x41                                     23
0x54                                     21
0x53                                     20
0x45                                     18
0x4d                                     16
0x50                                     16
0x44                                     15
0x4e                                     14
0x49                                     13
0x4f                                     13
0x52                                     12
0x42                                     11
0x4c                                      9
0x57                                      8
0x48                                      7
0x56                                      7
0x46                                      6
0x4b                                      6
0x59                                      6
0x26                                      5
0x47                                      5
0x55                                      5
0x58                                      4
0x4a                                      3
0x5a                                      3
0x51                                      2
Label distribution...                  0.01 sec.  [  0.21 sec.]
Compacting...                 
Initial output size                 130,084
Moved 25 states, output size        118,278
Moved 50 states, output size        116,273
Moved 75 states, output size        115,848
Moved 100 states, output size       115,882
Moved 125 states, output size       115,859
Moved 150 states, output size       115,885
Will move 150 states, final size      115,885
Compacting...                          0.14 sec.  [  0.45 sec.]
Serializing CFSA2...                   0.34 sec.  [  0.52 sec.]
