dimacs.dict	morfologik_nx	1509244	wall	9.01	0:09.01	user	0.00	sys	0.01	max-mem-kb	248832	dta	0	inputs	0	outputs	0
dimacs.dict	morfologik	1578918	wall	3.77	0:03.77	user	0.01	sys	0.00	max-mem-kb	248576	dta	0	inputs	0	outputs	0
dimacs.dict	morfologik_fsa5	2554634	wall	0.95	0:00.95	user	0.00	sys	0.01	max-mem-kb	248832	dta	0	inputs	0	outputs	0
english.dict	morfologik_nx	163794	wall	0.90	0:00.90	user	0.00	sys	0.00	max-mem-kb	248832	dta	0	inputs	0	outputs	0
english.dict	morfologik	165451	wall	0.66	0:00.66	user	0.01	sys	0.00	max-mem-kb	248576	dta	0	inputs	0	outputs	0
english.dict	morfologik_fsa5	242728	wall	0.39	0:00.39	user	0.00	sys	0.01	max-mem-kb	248832	dta	0	inputs	0	outputs	0
french.dict	morfologik_nx	147701	wall	0.89	0:00.89	user	0.00	sys	0.01	max-mem-kb	248832	dta	0	inputs	0	outputs	0
french.dict	morfologik	147842	wall	0.65	0:00.65	user	0.00	sys	0.01	max-mem-kb	248832	dta	0	inputs	0	outputs	0
french.dict	morfologik_fsa5	223008	wall	0.45	0:00.45	user	0.00	sys	0.01	max-mem-kb	249088	dta	0	inputs	0	outputs	0
german.dict	morfologik_nx	210334	wall	1.09	0:01.09	user	0.01	sys	0.00	max-mem-kb	248832	dta	0	inputs	0	outputs	0
german.dict	morfologik	216384	wall	0.76	0:00.76	user	0.01	sys	0.00	max-mem-kb	249088	dta	0	inputs	0	outputs	0
german.dict	morfologik_fsa5	292412	wall	0.45	0:00.45	user	0.01	sys	0.00	max-mem-kb	248832	dta	0	inputs	0	outputs	0
random.dict	morfologik_nx	847980	wall	4.99	0:04.99	user	0.00	sys	0.01	max-mem-kb	248832	dta	0	inputs	0	outputs	0
random.dict	morfologik	859899	wall	2.24	0:02.24	user	0.00	sys	0.00	max-mem-kb	248576	dta	0	inputs	0	outputs	0
random.dict	morfologik_fsa5	1199366	wall	0.55	0:00.55	user	0.00	sys	0.00	max-mem-kb	248832	dta	0	inputs	0	outputs	0
russian.dict	morfologik_nx	332641	wall	1.61	0:01.61	user	0.00	sys	0.00	max-mem-kb	248832	dta	0	inputs	0	outputs	0
russian.dict	morfologik	340215	wall	1.11	0:01.11	user	0.01	sys	0.00	max-mem-kb	249088	dta	0	inputs	0	outputs	0
russian.dict	morfologik_fsa5	504732	wall	0.64	0:00.64	user	0.00	sys	0.00	max-mem-kb	249088	dta	0	inputs	0	outputs	0
files.dict	morfologik_nx	9287904	wall	99.89	1:39.89	user	0.00	sys	0.01	max-mem-kb	248832	dta	0	inputs	0	outputs	0
files.dict	morfologik	9540733	wall	41.23	0:41.23	user	0.00	sys	0.01	max-mem-kb	249088	dta	0	inputs	0	outputs	0
files.dict	morfologik_fsa5	12851544	wall	9.62	0:09.62	user	0.00	sys	0.00	max-mem-kb	248832	dta	0	inputs	0	outputs	0
