  2.92s, sequences: 1000000
  6.48s, sequences: 2000000
  9.50s, sequences: 3000000
Building FSA...                       11.43 sec.  [ 11.44 sec.]
Input sequences                   3,672,200
Serializing CFSA2...          i=0 126 23766 126 > 1892878
i=1 126 23766 4854 > 1811514
i=2 126 23766 9582 > 1823727
i=3 126 23766 14310 > 1836195
i=4 126 23766 19038 > 1848576
i=5 126 23766 23766 > 1861845
i=0 126 9582 126 > 1892878
i=1 126 9582 2017 > 1818218
i=2 126 9582 3908 > 1809171
i=3 126 9582 5799 > 1813842
i=4 126 9582 7690 > 1818708
i=5 126 9582 9582 > 1823727
i=0 2017 5799 2017 > 1818218
i=1 2017 5799 2773 > 1807088
i=2 2017 5799 3529 > 1808181
i=3 2017 5799 4286 > 1810125
i=4 2017 5799 5042 > 1812027
i=5 2017 5799 5799 > 1813842
i=0 2017 3529 2017 > 1818218
i=1 2017 3529 2319 > 1813424
i=2 2017 3529 2621 > 1809071
i=3 2017 3529 2924 > 1806789
i=4 2017 3529 3226 > 1807443
i=5 2017 3529 3529 > 1808181
i=0 2622 3226 2622 > 1809052
i=1 2622 3226 2742 > 1807571
i=2 2622 3226 2863 > 1806621
i=3 2622 3226 2984 > 1806924
i=4 2622 3226 3105 > 1807179
i=5 2622 3226 3226 > 1807443
Moved states: 2863 size: 1806621
         8.06 sec.  [ 19.49 sec.]
