data-sets/ciura-deorowicz/random.dict	morfologik_nx	852074	wall	4.59	0:04.59	user	0.01	sys	0.00	max-mem-kb	256512	dta	0	inputs	0	outputs	0
data-sets/ciura-deorowicz/random.dict	morfologik_cfsa2	863927	wall	2.26	0:02.26	user	0.00	sys	0.00	max-mem-kb	256256	dta	0	inputs	0	outputs	0
data-sets/ciura-deorowicz/random.dict	morfologik_fsa5	1206258	wall	0.54	0:00.54	user	0.00	sys	0.01	max-mem-kb	256256	dta	0	inputs	0	outputs	0
data-sets/ciura-deorowicz/files.dict	morfologik_nx	9425676	wall	106.18	1:46.18	user	0.00	sys	0.01	max-mem-kb	256512	dta	0	inputs	0	outputs	0
data-sets/ciura-deorowicz/files.dict	morfologik_cfsa2	9677538	wall	43.57	0:43.57	user	0.00	sys	0.01	max-mem-kb	256256	dta	0	inputs	0	outputs	0
data-sets/ciura-deorowicz/files.dict	morfologik_fsa5	13077391	wall	9.91	0:09.91	user	0.00	sys	0.00	max-mem-kb	256512	dta	0	inputs	0	outputs	0
data-sets/ciura-deorowicz/unix.dict	morfologik_nx	96994	wall	0.51	0:00.51	user	0.00	sys	0.01	max-mem-kb	256512	dta	0	inputs	0	outputs	0
data-sets/ciura-deorowicz/unix.dict	morfologik_cfsa2	97058	wall	0.50	0:00.50	user	0.00	sys	0.01	max-mem-kb	256768	dta	0	inputs	0	outputs	0
data-sets/ciura-deorowicz/unix.dict	morfologik_fsa5	145090	wall	0.30	0:00.30	user	0.00	sys	0.01	max-mem-kb	256512	dta	0	inputs	0	outputs	0
data-sets/ciura-deorowicz/ifiles.dict	morfologik_nx	9982004	wall	108.06	1:48.06	user	0.00	sys	0.00	max-mem-kb	256768	dta	0	inputs	0	outputs	0
data-sets/ciura-deorowicz/ifiles.dict	morfologik_cfsa2	10216252	wall	46.08	0:46.08	user	0.00	sys	0.01	max-mem-kb	256512	dta	0	inputs	0	outputs	0
data-sets/ciura-deorowicz/ifiles.dict	morfologik_fsa5	13448098	wall	17.02	0:17.02	user	0.00	sys	0.03	max-mem-kb	256512	dta	0	inputs	0	outputs	0
data-sets/ciura-deorowicz/scrable.dict	morfologik_nx	317862	wall	1.24	0:01.24	user	0.00	sys	0.00	max-mem-kb	256256	dta	0	inputs	0	outputs	0
data-sets/ciura-deorowicz/scrable.dict	morfologik_cfsa2	323983	wall	0.84	0:00.84	user	0.01	sys	0.01	max-mem-kb	256512	dta	0	inputs	0	outputs	0
data-sets/ciura-deorowicz/scrable.dict	morfologik_fsa5	477504	wall	0.44	0:00.44	user	0.00	sys	0.01	max-mem-kb	256512	dta	0	inputs	0	outputs	0
data-sets/ciura-deorowicz/full.dict	morfologik_nx	35	wall	0.19	0:00.19	user	0.00	sys	0.00	max-mem-kb	256512	dta	0	inputs	0	outputs	0
data-sets/ciura-deorowicz/full.dict	morfologik_cfsa2	31	wall	0.20	0:00.20	user	0.01	sys	0.00	max-mem-kb	256512	dta	0	inputs	0	outputs	0
data-sets/ciura-deorowicz/full.dict	morfologik_fsa5	38	wall	0.19	0:00.19	user	0.00	sys	0.00	max-mem-kb	256512	dta	0	inputs	0	outputs	0
data-sets/ciura-deorowicz/unix_m.dict	morfologik_nx	73997	wall	0.55	0:00.55	user	0.00	sys	0.01	max-mem-kb	256256	dta	0	inputs	0	outputs	0
data-sets/ciura-deorowicz/unix_m.dict	morfologik_cfsa2	74128	wall	0.44	0:00.44	user	0.00	sys	0.00	max-mem-kb	256768	dta	0	inputs	0	outputs	0
data-sets/ciura-deorowicz/unix_m.dict	morfologik_fsa5	113504	wall	0.30	0:00.30	user	0.00	sys	0.00	max-mem-kb	256768	dta	0	inputs	0	outputs	0
data-sets/ciura-deorowicz/deutsch.dict	morfologik_nx	220223	wall	1.14	0:01.14	user	0.00	sys	0.01	max-mem-kb	256256	dta	0	inputs	0	outputs	0
data-sets/ciura-deorowicz/deutsch.dict	morfologik_cfsa2	226572	wall	0.79	0:00.79	user	0.00	sys	0.00	max-mem-kb	256512	dta	0	inputs	0	outputs	0
data-sets/ciura-deorowicz/deutsch.dict	morfologik_fsa5	309774	wall	0.44	0:00.44	user	0.00	sys	0.01	max-mem-kb	256512	dta	0	inputs	0	outputs	0
data-sets/ciura-deorowicz/dimacs.dict	morfologik_nx	1522206	wall	8.99	0:08.99	user	0.00	sys	0.01	max-mem-kb	256512	dta	0	inputs	0	outputs	0
data-sets/ciura-deorowicz/dimacs.dict	morfologik_cfsa2	1592834	wall	3.65	0:03.65	user	0.00	sys	0.00	max-mem-kb	256768	dta	0	inputs	0	outputs	0
data-sets/ciura-deorowicz/dimacs.dict	morfologik_fsa5	2570308	wall	0.94	0:00.94	user	0.00	sys	0.01	max-mem-kb	256256	dta	0	inputs	0	outputs	0
data-sets/ciura-deorowicz/webster.dict	morfologik_nx	305283	wall	1.25	0:01.25	user	0.00	sys	0.01	max-mem-kb	256512	dta	0	inputs	0	outputs	0
data-sets/ciura-deorowicz/webster.dict	morfologik_cfsa2	310909	wall	0.84	0:00.84	user	0.00	sys	0.01	max-mem-kb	256512	dta	0	inputs	0	outputs	0
data-sets/ciura-deorowicz/webster.dict	morfologik_fsa5	458326	wall	0.40	0:00.40	user	0.01	sys	0.00	max-mem-kb	256512	dta	0	inputs	0	outputs	0
data-sets/ciura-deorowicz/test.dict	morfologik_nx	134	wall	0.19	0:00.19	user	0.00	sys	0.01	max-mem-kb	256512	dta	0	inputs	0	outputs	0
data-sets/ciura-deorowicz/test.dict	morfologik_cfsa2	132	wall	0.20	0:00.20	user	0.00	sys	0.03	max-mem-kb	256512	dta	0	inputs	0	outputs	0
data-sets/ciura-deorowicz/test.dict	morfologik_fsa5	175	wall	0.19	0:00.19	user	0.00	sys	0.00	max-mem-kb	256256	dta	0	inputs	0	outputs	0
data-sets/ciura-deorowicz/fr.dict	morfologik_nx	157005	wall	0.89	0:00.89	user	0.00	sys	0.00	max-mem-kb	256512	dta	0	inputs	0	outputs	0
data-sets/ciura-deorowicz/fr.dict	morfologik_cfsa2	157470	wall	0.69	0:00.69	user	0.00	sys	0.01	max-mem-kb	256768	dta	0	inputs	0	outputs	0
data-sets/ciura-deorowicz/fr.dict	morfologik_fsa5	239198	wall	0.40	0:00.40	user	0.00	sys	0.00	max-mem-kb	256768	dta	0	inputs	0	outputs	0
data-sets/ciura-deorowicz/eo.dict	morfologik_nx	150189	wall	1.20	0:01.20	user	0.00	sys	0.00	max-mem-kb	256768	dta	0	inputs	0	outputs	0
data-sets/ciura-deorowicz/eo.dict	morfologik_cfsa2	150859	wall	0.94	0:00.94	user	0.00	sys	0.00	max-mem-kb	256768	dta	0	inputs	0	outputs	0
data-sets/ciura-deorowicz/eo.dict	morfologik_fsa5	228226	wall	0.79	0:00.79	user	0.01	sys	0.01	max-mem-kb	256256	dta	0	inputs	0	outputs	0
data-sets/ciura-deorowicz/sample.dict	morfologik_nx	56	wall	0.19	0:00.19	user	0.01	sys	0.01	max-mem-kb	256512	dta	0	inputs	0	outputs	0
data-sets/ciura-deorowicz/sample.dict	morfologik_cfsa2	55	wall	0.19	0:00.19	user	0.00	sys	0.01	max-mem-kb	256768	dta	0	inputs	0	outputs	0
data-sets/ciura-deorowicz/sample.dict	morfologik_fsa5	69	wall	0.20	0:00.20	user	0.00	sys	0.00	max-mem-kb	256512	dta	0	inputs	0	outputs	0
data-sets/ciura-deorowicz/esp.dict	morfologik_nx	274686	wall	1.27	0:01.27	user	0.00	sys	0.01	max-mem-kb	256256	dta	0	inputs	0	outputs	0
data-sets/ciura-deorowicz/esp.dict	morfologik_cfsa2	279361	wall	0.94	0:00.94	user	0.00	sys	0.01	max-mem-kb	256256	dta	0	inputs	0	outputs	0
data-sets/ciura-deorowicz/esp.dict	morfologik_fsa5	420798	wall	0.64	0:00.64	user	0.01	sys	0.00	max-mem-kb	256512	dta	0	inputs	0	outputs	0
data-sets/ciura-deorowicz/polish.dict	morfologik_nx	488500	wall	2.41	0:02.41	user	0.00	sys	0.00	max-mem-kb	256256	dta	0	inputs	0	outputs	0
data-sets/ciura-deorowicz/polish.dict	morfologik_cfsa2	503653	wall	1.54	0:01.54	user	0.00	sys	0.01	max-mem-kb	256512	dta	0	inputs	0	outputs	0
data-sets/ciura-deorowicz/polish.dict	morfologik_fsa5	738702	wall	1.04	0:01.04	user	0.01	sys	0.00	max-mem-kb	256256	dta	0	inputs	0	outputs	0
data-sets/ciura-deorowicz/english.dict	morfologik_nx	177081	wall	0.89	0:00.89	user	0.00	sys	0.00	max-mem-kb	256512	dta	0	inputs	0	outputs	0
data-sets/ciura-deorowicz/english.dict	morfologik_cfsa2	179005	wall	0.64	0:00.64	user	0.00	sys	0.00	max-mem-kb	256768	dta	0	inputs	0	outputs	0
data-sets/ciura-deorowicz/english.dict	morfologik_fsa5	265610	wall	0.34	0:00.34	user	0.00	sys	0.03	max-mem-kb	256512	dta	0	inputs	0	outputs	0
data-sets/ciura-deorowicz/enable.dict	morfologik_nx	297231	wall	1.28	0:01.28	user	0.00	sys	0.01	max-mem-kb	256256	dta	0	inputs	0	outputs	0
data-sets/ciura-deorowicz/enable.dict	morfologik_cfsa2	302600	wall	0.84	0:00.84	user	0.00	sys	0.00	max-mem-kb	256512	dta	0	inputs	0	outputs	0
data-sets/ciura-deorowicz/enable.dict	morfologik_fsa5	440622	wall	0.39	0:00.39	user	0.00	sys	0.00	max-mem-kb	256768	dta	0	inputs	0	outputs	0
data-sets/ciura-deorowicz/russian.dict	morfologik_nx	362219	wall	1.60	0:01.60	user	0.00	sys	0.01	max-mem-kb	256512	dta	0	inputs	0	outputs	0
data-sets/ciura-deorowicz/russian.dict	morfologik_cfsa2	371176	wall	1.12	0:01.12	user	0.00	sys	0.01	max-mem-kb	257024	dta	0	inputs	0	outputs	0
data-sets/ciura-deorowicz/russian.dict	morfologik_fsa5	548940	wall	0.75	0:00.75	user	0.01	sys	0.00	max-mem-kb	256256	dta	0	inputs	0	outputs	0
data-sets/ciura-deorowicz/one.dict	morfologik_nx	36	wall	0.19	0:00.19	user	0.01	sys	0.00	max-mem-kb	256512	dta	0	inputs	0	outputs	0
data-sets/ciura-deorowicz/one.dict	morfologik_cfsa2	36	wall	0.19	0:00.19	user	0.00	sys	0.00	max-mem-kb	256768	dta	0	inputs	0	outputs	0
data-sets/ciura-deorowicz/one.dict	morfologik_fsa5	36	wall	0.19	0:00.19	user	0.00	sys	0.01	max-mem-kb	256768	dta	0	inputs	0	outputs	0
data-sets/weiss/streets.dict	morfologik_nx	250158	wall	1.24	0:01.24	user	0.00	sys	0.01	max-mem-kb	256768	dta	0	inputs	0	outputs	0
data-sets/weiss/streets.dict	morfologik_cfsa2	252110	wall	0.79	0:00.79	user	0.00	sys	0.00	max-mem-kb	256512	dta	0	inputs	0	outputs	0
data-sets/weiss/streets.dict	morfologik_fsa5	362708	wall	0.41	0:00.41	user	0.00	sys	0.01	max-mem-kb	256768	dta	0	inputs	0	outputs	0
data-sets/weiss/wikipedia.dict	morfologik_nx	41330376	wall	237.75	3:57.75	user	0.00	sys	0.00	max-mem-kb	256512	dta	0	inputs	0	outputs	0
data-sets/weiss/wikipedia.dict	morfologik_cfsa2	45352895	wall	111.55	1:51.55	user	0.00	sys	0.01	max-mem-kb	256256	dta	0	inputs	0	outputs	0
data-sets/weiss/wikipedia.dict	morfologik_fsa5	60175818	wall	14.69	0:14.69	user	0.00	sys	0.01	max-mem-kb	256768	dta	0	inputs	0	outputs	0
data-sets/weiss/streets2.dict	morfologik_nx	95013	wall	0.69	0:00.69	user	0.01	sys	0.01	max-mem-kb	256512	dta	0	inputs	0	outputs	0
data-sets/weiss/streets2.dict	morfologik_cfsa2	95182	wall	0.54	0:00.54	user	0.01	sys	0.00	max-mem-kb	256768	dta	0	inputs	0	outputs	0
data-sets/weiss/streets2.dict	morfologik_fsa5	137398	wall	0.34	0:00.34	user	0.01	sys	0.00	max-mem-kb	256512	dta	0	inputs	0	outputs	0
data-sets/weiss/pl.dict	morfologik_nx	1806661	wall	19.64	0:19.64	user	0.00	sys	0.01	max-mem-kb	256512	dta	0	inputs	0	outputs	0
data-sets/weiss/pl.dict	morfologik_cfsa2	1889235	wall	13.74	0:13.74	user	0.00	sys	0.00	max-mem-kb	256768	dta	0	inputs	0	outputs	0
data-sets/weiss/pl.dict	morfologik_fsa5	2890298	wall	11.69	0:11.69	user	0.01	sys	0.00	max-mem-kb	256768	dta	0	inputs	0	outputs	0
data-sets/weiss/wikipedia2.dict	morfologik_nx		wall	0.21	0:00.21	user	0.00	sys	0.01	max-mem-kb	256768	dta	0	inputs	0	outputs	0
data-sets/weiss/wikipedia2.dict	morfologik_cfsa2		wall	0.20	0:00.20	user	0.00	sys	0.00	max-mem-kb	256512	dta	0	inputs	0	outputs	0
data-sets/weiss/wikipedia2.dict	morfologik_fsa5		wall	0.20	0:00.20	user	0.00	sys	0.00	max-mem-kb	256512	dta	0	inputs	0	outputs	0
