Assuming input is already sorted
  0.59s, sequences: 1000000
  1.12s, sequences: 2000000
  1.91s, sequences: 3000000
  2.50s, sequences: 4000000
  3.16s, sequences: 5000000
  4.09s, sequences: 6000000
  4.67s, sequences: 7000000
  5.32s, sequences: 8000000
  6.06s, sequences: 9000000
Building FSA...                        0.04 sec.  [  7.07 sec.]
Input sequences                   9,803,311
Serializing CFSA2...          
Label distribution...         
0x61                                849,097
0x65                                693,967
0x69                                671,963
0x6f                                569,749
0x6e                                534,534
0x72                                530,469
0x74                                487,370
0x30                                457,700
0x73                                445,615
0x6c                                430,761
0x31                                412,768
0x32                                394,867
0x63                                387,151
0x33                                365,608
0x64                                355,073
0x75                                354,679
0x35                                343,001
0x34                                327,478
0x39                                320,995
0x37                                316,527
0x36                                315,309
0x38                                311,750
0x6d                                297,472
0x68                                289,386
0x62                                269,428
0x67                                244,473
0x70                                236,569
0x66                                234,308
0x6b                                231,591
0xe0                                210,852
0x79                                174,409
0x76                                167,539
0x77                                154,673
0xb8                                141,417
0xd0                                126,327
0x7a                                118,610
0x6a                                115,242
0xc3                                108,849
0x78                                 82,425
0xd1                                 82,381
0x83                                 78,978
0x71                                 69,407
0xb0                                 57,601
0x82                                 55,604
0xe3                                 50,652
0xb9                                 45,860
0x81                                 45,571
0xb5                                 44,287
0xa4                                 44,151
0xbe                                 41,581
0xb2                                 38,755
0xc4                                 38,595
0xe1                                 36,453
0xb4                                 34,790
0x80                                 34,646
0xa1                                 33,795
0xb3                                 33,736
0xc5                                 33,047
0xce                                 32,417
0xbd                                 32,181
0xb1                                 31,714
0xbc                                 31,273
0x88                                 31,196
0xa7                                 29,596
0xa6                                 29,324
0xaa                                 29,253
0x8d                                 28,580
0xd9                                 27,984
0x95                                 27,350
0xd8                                 27,216
0x99                                 26,615
0xa8                                 26,390
0xaf                                 25,582
0xd7                                 25,377
0xad                                 25,198
0xba                                 25,189
0x84                                 24,377
0xbf                                 23,909
0xa5                                 23,843
0xae                                 23,404
0x87                                 22,902
0xa9                                 22,512
0xbb                                 22,405
0xa3                                 20,659
0xcf                                 19,605
0xab                                 19,548
0x86                                 18,232
0x8a                                 18,195
0x90                                 17,142
0x8b                                 17,113
0x8c                                 17,020
0xac                                 16,759
0x94                                 16,676
0x9e                                 16,116
0xb7                                 15,980
0xa0                                 15,851
0xb6                                 15,765
0xc9                                 15,636
0x9f                                 15,257
0x98                                 14,779
0xa2                                 13,719
0x85                                 13,405
0x9c                                 13,381
0xeb                                 13,323
0xec                                 13,156
0x97                                 12,830
0x96                                 12,538
0x9a                                 11,472
0x9b                                 11,035
0x89                                 10,839
0x91                                 10,620
0xcb                                 10,202
0x93                                 10,089
0x9d                                  9,918
0x8f                                  9,185
0xca                                  8,357
0x92                                  6,965
0xdb                                  6,816
0x8e                                  6,447
0xcc                                  6,438
0xd5                                  6,225
0xed                                  6,064
0xd6                                  4,585
0xea                                  4,368
0xde                                  3,799
0xda                                  3,443
0xc7                                  2,162
0xd2                                  1,575
0xef                                  1,356
0xdc                                  1,097
0xc2                                    985
0xd3                                    749
0xcd                                    550
0xc8                                    369
0xc6                                    294
0xe2                                    201
0xdd                                     14
0xd4                                      1
0xe4                                      1
0xe5                                      1
0xe6                                      1
0xe7                                      1
0xe8                                      1
0xe9                                      1
Label distribution...                  0.02 sec.  [  7.60 sec.]
Compacting...                 
Initial output size              47,742,956
Moved 25 states, output size     46,476,778
Moved 50 states, output size     46,061,139
Moved 75 states, output size     45,867,816
Moved 100 states, output size    45,701,929
Moved 125 states, output size    45,523,093
Moved 150 states, output size    45,352,855
Will move 150 states, final size   45,352,855
Compacting...                         82.29 sec.  [109.26 sec.]
Serializing CFSA2...                 104.26 sec.  [111.33 sec.]
