  0.58s, sequences: 1000000
  1.13s, sequences: 2000000
  1.92s, sequences: 3000000
  2.53s, sequences: 4000000
  3.20s, sequences: 5000000
  4.14s, sequences: 6000000
  4.75s, sequences: 7000000
  5.41s, sequences: 8000000
  6.18s, sequences: 9000000
Building FSA...                        7.21 sec.  [  7.21 sec.]
Input sequences                   9,803,311
Serializing CFSA2...          i=0 126 285267 126 > 45515019
i=1 126 285267 57154 > 41538878
i=2 126 285267 114182 > 41356976
i=3 126 285267 171210 > 41334603
i=4 126 285267 228238 > 41390379
i=5 126 285267 285267 > 41417145
i=0 114182 228238 114182 > 41356976
i=1 114182 228238 136993 > 41334326
i=2 114182 228238 159804 > 41341645
i=3 114182 228238 182615 > 41330336
i=4 114182 228238 205426 > 41375219
i=5 114182 228238 228238 > 41390379
Moved states: 182615 size: 41330336
       230.33 sec.  [237.55 sec.]
