Assuming input is already sorted
Building FSA...                        0.01 sec.  [  0.09 sec.]
Input sequences                      74,317
Warning: input contained carriage returns?
Statistics...                          0.07 sec.  [  0.16 sec.]
Nodes                                73,007
Arcs                                147,323
Tail nodes                            5,210
States with the given # of outgoing arcs:
  #1                                 35,220
  #2                                 20,472
  #3                                  9,443
  #4                                  3,983
  #5                                  1,766
  #6                                    821
  #7                                    383
  #8                                    242
  #9                                    147
  #10                                   135
  #11                                    79
  #12                                    63
  #13                                    46
  #14                                    39
  #15                                    38
  #16                                    24
  #17                                    27
  #18                                    15
  #19                                    16
  #20                                    11
  #21                                    12
  #22                                     7
  #23                                     2
  #24                                     5
  #25                                     1
  #26                                     2
  #27                                     3
  #28                                     1
  #29                                     1
  #30                                     0
  #31                                     0
  #32                                     0
  #33                                     0
  #34                                     0
  #35                                     0
  #36                                     1
  #37                                     0
  #38                                     0
  #39                                     0
  #40                                     0
  #41                                     0
  #42                                     0
  #43                                     0
  #44                                     0
  #45                                     0
  #46                                     0
  #47                                     0
  #48                                     0
  #49                                     0
  #50                                     0
  #51                                     0
  #52                                     1
FSA builder properties:
Serialization buffer size         5,242,880
Serialization buffer reallocs             1
Constant arc FSA size               928,482
Max active path                          29
Registry hash slots                  16,384
Registry hash entries                 5,211
Estimated mem consumption (MB)       5.0625
est. number storage                  74,318
Serializing CFSA2...          
Label distribution...         
0xd                                  20,439
0x73                                 17,413
0x65                                 14,669
0x69                                 13,059
0x6e                                  9,844
0x6c                                  8,560
0x72                                  7,874
0x61                                  7,024
0x74                                  6,897
0x64                                  6,422
0x6f                                  5,774
0x27                                  5,069
0x63                                  3,154
0x79                                  2,869
0x67                                  2,688
0x75                                  2,685
0x6d                                  2,332
0x68                                  1,947
0x62                                  1,712
0x70                                  1,571
0x76                                  1,225
0x66                                    968
0x6b                                    924
0x77                                    739
0x7a                                    593
0x78                                    224
0x71                                    141
0x6a                                     91
0x43                                     40
0x53                                     40
0x41                                     34
0x54                                     30
0x4d                                     26
0x45                                     22
0x50                                     22
0x44                                     19
0x49                                     19
0x4f                                     17
0x52                                     17
0x4e                                     15
0x42                                     14
0x48                                     12
0x47                                     11
0x55                                     11
0x57                                     11
0x4c                                     10
0x46                                      8
0x56                                      8
0x4b                                      7
0x58                                      7
0x59                                      5
0x51                                      4
0x4a                                      3
0x5a                                      3
Label distribution...                  0.01 sec.  [  0.25 sec.]
Compacting...                 
Initial output size                 356,144
Moved 25 states, output size        309,701
Moved 50 states, output size        307,881
Moved 75 states, output size        307,643
Moved 100 states, output size       307,394
Moved 125 states, output size       307,365
Moved 150 states, output size       307,252
Will move 150 states, final size      307,252
Compacting...                          0.36 sec.  [  0.78 sec.]
Serializing CFSA2...                   0.62 sec.  [  0.85 sec.]
