data-sets/ciura-deorowicz/random.dict	morfologik_nx	852074	wall	4.22	0:04.22	user	4.49	sys	0.07	max-mem-kb	304864	dta	0	inputs	0	outputs	1744
data-sets/ciura-deorowicz/random.dict	morfologik_cfsa2	863927	wall	2.31	0:02.31	user	2.63	sys	0.04	max-mem-kb	304336	dta	0	inputs	0	outputs	1760
data-sets/ciura-deorowicz/random.dict	morfologik_fsa5	1206258	wall	0.50	0:00.50	user	0.69	sys	0.02	max-mem-kb	244656	dta	0	inputs	0	outputs	2432
data-sets/ciura-deorowicz/random.dict	fsa_build	1190176	wall	1.12	0:01.12	user	1.02	sys	0.10	max-mem-kb	523712	dta	0	inputs	0	outputs	2336
data-sets/ciura-deorowicz/unix.dict	morfologik_nx	96994	wall	0.50	0:00.50	user	0.78	sys	0.03	max-mem-kb	149904	dta	0	inputs	0	outputs	264
data-sets/ciura-deorowicz/unix.dict	morfologik_cfsa2	97058	wall	0.45	0:00.45	user	0.70	sys	0.04	max-mem-kb	150688	dta	0	inputs	0	outputs	264
data-sets/ciura-deorowicz/unix.dict	morfologik_fsa5	145090	wall	0.26	0:00.26	user	0.44	sys	0.01	max-mem-kb	143120	dta	0	inputs	0	outputs	360
data-sets/ciura-deorowicz/unix.dict	fsa_build	135640	wall	0.10	0:00.10	user	0.09	sys	0.01	max-mem-kb	130544	dta	0	inputs	0	outputs	280
data-sets/ciura-deorowicz/scrable.dict	morfologik_nx	317862	wall	1.24	0:01.24	user	1.55	sys	0.05	max-mem-kb	183360	dta	0	inputs	3264	outputs	696
data-sets/ciura-deorowicz/scrable.dict	morfologik_cfsa2	323983	wall	0.81	0:00.81	user	1.10	sys	0.05	max-mem-kb	179824	dta	0	inputs	0	outputs	712
data-sets/ciura-deorowicz/scrable.dict	morfologik_fsa5	477504	wall	0.40	0:00.40	user	0.64	sys	0.04	max-mem-kb	161360	dta	0	inputs	0	outputs	1008
data-sets/ciura-deorowicz/scrable.dict	fsa_build	445246	wall	0.48	0:00.48	user	0.41	sys	0.07	max-mem-kb	416032	dta	0	inputs	0	outputs	888
data-sets/ciura-deorowicz/full.dict	morfologik_nx	35	wall	0.15	0:00.15	user	0.11	sys	0.03	max-mem-kb	128368	dta	0	inputs	0	outputs	80
data-sets/ciura-deorowicz/full.dict	morfologik_cfsa2	31	wall	0.15	0:00.15	user	0.07	sys	0.08	max-mem-kb	129200	dta	0	inputs	0	outputs	80
data-sets/ciura-deorowicz/full.dict	morfologik_fsa5	38	wall	0.15	0:00.15	user	0.12	sys	0.02	max-mem-kb	129504	dta	0	inputs	0	outputs	80
data-sets/ciura-deorowicz/full.dict	fsa_build	38	wall	0.00	0:00.00	user	0.00	sys	0.00	max-mem-kb	4832	dta	0	inputs	0	outputs	16
data-sets/ciura-deorowicz/unix_m.dict	morfologik_nx	73997	wall	0.50	0:00.50	user	0.71	sys	0.03	max-mem-kb	149840	dta	0	inputs	152	outputs	224
data-sets/ciura-deorowicz/unix_m.dict	morfologik_cfsa2	74128	wall	0.40	0:00.40	user	0.62	sys	0.03	max-mem-kb	145536	dta	0	inputs	0	outputs	224
data-sets/ciura-deorowicz/unix_m.dict	morfologik_fsa5	113504	wall	0.25	0:00.25	user	0.46	sys	0.02	max-mem-kb	140640	dta	0	inputs	0	outputs	296
data-sets/ciura-deorowicz/unix_m.dict	fsa_build	106040	wall	0.08	0:00.08	user	0.08	sys	0.00	max-mem-kb	105216	dta	0	inputs	0	outputs	216
data-sets/ciura-deorowicz/deutsch.dict	morfologik_nx	220223	wall	1.10	0:01.10	user	1.36	sys	0.03	max-mem-kb	171584	dta	0	inputs	5536	outputs	504
data-sets/ciura-deorowicz/deutsch.dict	morfologik_cfsa2	226572	wall	0.70	0:00.70	user	1.00	sys	0.03	max-mem-kb	168112	dta	0	inputs	0	outputs	520
data-sets/ciura-deorowicz/deutsch.dict	morfologik_fsa5	309774	wall	0.39	0:00.39	user	0.55	sys	0.04	max-mem-kb	151776	dta	0	inputs	0	outputs	680
data-sets/ciura-deorowicz/deutsch.dict	fsa_build	291358	wall	0.46	0:00.46	user	0.46	sys	0.00	max-mem-kb	259264	dta	0	inputs	0	outputs	592
data-sets/ciura-deorowicz/dimacs.dict	morfologik_nx	1522206	wall	9.23	0:09.23	user	9.50	sys	0.10	max-mem-kb	459936	dta	0	inputs	14048	outputs	3048
data-sets/ciura-deorowicz/dimacs.dict	morfologik_cfsa2	1592834	wall	3.51	0:03.51	user	3.88	sys	0.04	max-mem-kb	320368	dta	0	inputs	0	outputs	3184
data-sets/ciura-deorowicz/dimacs.dict	morfologik_fsa5	2570308	wall	0.83	0:00.83	user	1.09	sys	0.02	max-mem-kb	240400	dta	0	inputs	0	outputs	5096
data-sets/ciura-deorowicz/dimacs.dict	fsa_build	2494504	wall	2.85	0:02.85	user	2.71	sys	0.13	max-mem-kb	1786416	dta	0	inputs	0	outputs	4896
data-sets/ciura-deorowicz/webster.dict	morfologik_nx	305283	wall	1.19	0:01.19	user	1.43	sys	0.05	max-mem-kb	191296	dta	0	inputs	1448	outputs	672
data-sets/ciura-deorowicz/webster.dict	morfologik_cfsa2	310909	wall	0.74	0:00.74	user	1.03	sys	0.02	max-mem-kb	172752	dta	0	inputs	0	outputs	680
data-sets/ciura-deorowicz/webster.dict	morfologik_fsa5	458326	wall	0.36	0:00.36	user	0.63	sys	0.01	max-mem-kb	156224	dta	0	inputs	0	outputs	968
data-sets/ciura-deorowicz/webster.dict	fsa_build	426884	wall	0.35	0:00.35	user	0.30	sys	0.05	max-mem-kb	419152	dta	0	inputs	0	outputs	848
data-sets/ciura-deorowicz/test.dict	morfologik_nx	134	wall	0.15	0:00.15	user	0.14	sys	0.01	max-mem-kb	128976	dta	0	inputs	0	outputs	80
data-sets/ciura-deorowicz/test.dict	morfologik_cfsa2	132	wall	0.15	0:00.15	user	0.15	sys	0.01	max-mem-kb	129440	dta	0	inputs	0	outputs	80
data-sets/ciura-deorowicz/test.dict	morfologik_fsa5	175	wall	0.15	0:00.15	user	0.10	sys	0.05	max-mem-kb	129328	dta	0	inputs	0	outputs	80
data-sets/ciura-deorowicz/test.dict	fsa_build	159	wall	0.00	0:00.00	user	0.00	sys	0.00	max-mem-kb	5008	dta	0	inputs	0	outputs	16
data-sets/ciura-deorowicz/fr.dict	morfologik_nx	157005	wall	0.90	0:00.90	user	1.14	sys	0.08	max-mem-kb	162064	dta	0	inputs	4280	outputs	384
data-sets/ciura-deorowicz/fr.dict	morfologik_cfsa2	157470	wall	0.65	0:00.65	user	0.95	sys	0.04	max-mem-kb	156864	dta	0	inputs	0	outputs	384
data-sets/ciura-deorowicz/fr.dict	morfologik_fsa5	239198	wall	0.40	0:00.40	user	0.56	sys	0.03	max-mem-kb	142640	dta	0	inputs	0	outputs	544
data-sets/ciura-deorowicz/fr.dict	fsa_build	225746	wall	0.48	0:00.48	user	0.47	sys	0.01	max-mem-kb	200896	dta	0	inputs	0	outputs	464
data-sets/ciura-deorowicz/eo.dict	morfologik_nx	150189	wall	1.10	0:01.10	user	1.35	sys	0.03	max-mem-kb	158816	dta	0	inputs	24160	outputs	368
data-sets/ciura-deorowicz/eo.dict	morfologik_cfsa2	150859	wall	0.90	0:00.90	user	1.16	sys	0.03	max-mem-kb	153360	dta	0	inputs	0	outputs	368
data-sets/ciura-deorowicz/eo.dict	morfologik_fsa5	228226	wall	0.70	0:00.70	user	0.92	sys	0.03	max-mem-kb	142144	dta	0	inputs	0	outputs	520
data-sets/ciura-deorowicz/eo.dict	fsa_build	216400	wall	3.06	0:03.06	user	3.04	sys	0.02	max-mem-kb	165072	dta	0	inputs	0	outputs	472
data-sets/ciura-deorowicz/sample.dict	morfologik_nx	56	wall	0.15	0:00.15	user	0.12	sys	0.03	max-mem-kb	129408	dta	0	inputs	0	outputs	80
data-sets/ciura-deorowicz/sample.dict	morfologik_cfsa2	55	wall	0.15	0:00.15	user	0.11	sys	0.04	max-mem-kb	129184	dta	0	inputs	0	outputs	80
data-sets/ciura-deorowicz/sample.dict	morfologik_fsa5	69	wall	0.15	0:00.15	user	0.12	sys	0.03	max-mem-kb	128928	dta	0	inputs	0	outputs	80
data-sets/ciura-deorowicz/sample.dict	fsa_build	63	wall	0.00	0:00.00	user	0.00	sys	0.00	max-mem-kb	4896	dta	0	inputs	0	outputs	16
data-sets/ciura-deorowicz/esp.dict	morfologik_nx	274686	wall	1.20	0:01.20	user	1.46	sys	0.04	max-mem-kb	179040	dta	0	inputs	15504	outputs	616
data-sets/ciura-deorowicz/esp.dict	morfologik_cfsa2	279361	wall	0.89	0:00.89	user	1.20	sys	0.03	max-mem-kb	169360	dta	0	inputs	0	outputs	624
data-sets/ciura-deorowicz/esp.dict	morfologik_fsa5	420798	wall	0.60	0:00.60	user	0.77	sys	0.03	max-mem-kb	154704	dta	0	inputs	0	outputs	896
data-sets/ciura-deorowicz/esp.dict	fsa_build	394136	wall	1.29	0:01.29	user	1.26	sys	0.02	max-mem-kb	326304	dta	0	inputs	0	outputs	808
data-sets/ciura-deorowicz/polish.dict	morfologik_nx	488500	wall	2.36	0:02.36	user	2.61	sys	0.04	max-mem-kb	238496	dta	0	inputs	35840	outputs	1032
data-sets/ciura-deorowicz/polish.dict	morfologik_cfsa2	503653	wall	1.46	0:01.46	user	1.69	sys	0.07	max-mem-kb	193296	dta	0	inputs	0	outputs	1056
data-sets/ciura-deorowicz/polish.dict	morfologik_fsa5	738702	wall	0.95	0:00.95	user	1.11	sys	0.04	max-mem-kb	167472	dta	0	inputs	0	outputs	1520
data-sets/ciura-deorowicz/polish.dict	fsa_build	691932	wall	3.01	0:03.01	user	2.91	sys	0.09	max-mem-kb	554112	dta	0	inputs	0	outputs	1416
data-sets/ciura-deorowicz/english.dict	morfologik_nx	177081	wall	0.80	0:00.80	user	1.08	sys	0.04	max-mem-kb	167536	dta	0	inputs	1400	outputs	424
data-sets/ciura-deorowicz/english.dict	morfologik_cfsa2	179005	wall	0.55	0:00.55	user	0.84	sys	0.02	max-mem-kb	160192	dta	0	inputs	0	outputs	424
data-sets/ciura-deorowicz/english.dict	morfologik_fsa5	265610	wall	0.30	0:00.30	user	0.48	sys	0.02	max-mem-kb	147264	dta	0	inputs	0	outputs	592
data-sets/ciura-deorowicz/english.dict	fsa_build	248744	wall	0.22	0:00.22	user	0.20	sys	0.02	max-mem-kb	233680	dta	0	inputs	0	outputs	496
data-sets/ciura-deorowicz/enable.dict	morfologik_nx	297231	wall	1.21	0:01.21	user	1.46	sys	0.04	max-mem-kb	186576	dta	0	inputs	3296	outputs	656
data-sets/ciura-deorowicz/enable.dict	morfologik_cfsa2	302600	wall	0.80	0:00.80	user	1.08	sys	0.02	max-mem-kb	179376	dta	0	inputs	0	outputs	664
data-sets/ciura-deorowicz/enable.dict	morfologik_fsa5	440622	wall	0.40	0:00.40	user	0.57	sys	0.02	max-mem-kb	160160	dta	0	inputs	0	outputs	936
data-sets/ciura-deorowicz/enable.dict	fsa_build	410914	wall	0.37	0:00.37	user	0.36	sys	0.01	max-mem-kb	405280	dta	0	inputs	0	outputs	824
data-sets/ciura-deorowicz/russian.dict	morfologik_nx	362219	wall	1.45	0:01.45	user	1.67	sys	0.08	max-mem-kb	192096	dta	0	inputs	19280	outputs	784
data-sets/ciura-deorowicz/russian.dict	morfologik_cfsa2	371176	wall	1.01	0:01.01	user	1.30	sys	0.05	max-mem-kb	174464	dta	0	inputs	0	outputs	800
data-sets/ciura-deorowicz/russian.dict	morfologik_fsa5	548940	wall	0.64	0:00.64	user	0.80	sys	0.03	max-mem-kb	153456	dta	0	inputs	0	outputs	1152
data-sets/ciura-deorowicz/russian.dict	fsa_build	516768	wall	1.49	0:01.49	user	1.45	sys	0.03	max-mem-kb	416192	dta	0	inputs	0	outputs	1056
data-sets/ciura-deorowicz/one.dict	morfologik_nx	36	wall	0.15	0:00.15	user	0.12	sys	0.02	max-mem-kb	129568	dta	0	inputs	0	outputs	80
data-sets/ciura-deorowicz/one.dict	morfologik_cfsa2	36	wall	0.15	0:00.15	user	0.12	sys	0.03	max-mem-kb	129952	dta	0	inputs	0	outputs	80
data-sets/ciura-deorowicz/one.dict	morfologik_fsa5	36	wall	0.15	0:00.15	user	0.13	sys	0.02	max-mem-kb	129520	dta	0	inputs	0	outputs	80
data-sets/ciura-deorowicz/one.dict	fsa_build	36	wall	0.00	0:00.00	user	0.00	sys	0.00	max-mem-kb	4832	dta	0	inputs	0	outputs	16
data-sets/weiss/streets.dict	morfologik_nx	250158	wall	1.15	0:01.15	user	1.39	sys	0.04	max-mem-kb	192384	dta	0	inputs	1384	outputs	568
data-sets/weiss/streets.dict	morfologik_cfsa2	252110	wall	0.75	0:00.75	user	1.02	sys	0.03	max-mem-kb	180144	dta	0	inputs	0	outputs	568
data-sets/weiss/streets.dict	morfologik_fsa5	362708	wall	0.34	0:00.34	user	0.52	sys	0.03	max-mem-kb	158592	dta	0	inputs	0	outputs	784
data-sets/weiss/streets.dict	fsa_build	341796	wall	0.34	0:00.34	user	0.26	sys	0.04	max-mem-kb	317728	dta	0	inputs	0	outputs	680
data-sets/weiss/streets2.dict	morfologik_nx	95013	wall	0.64	0:00.64	user	0.91	sys	0.04	max-mem-kb	165248	dta	0	inputs	336	outputs	264
data-sets/weiss/streets2.dict	morfologik_cfsa2	95182	wall	0.50	0:00.50	user	0.90	sys	0.02	max-mem-kb	162992	dta	0	inputs	0	outputs	264
data-sets/weiss/streets2.dict	morfologik_fsa5	137398	wall	0.30	0:00.30	user	0.51	sys	0.02	max-mem-kb	149552	dta	0	inputs	0	outputs	344
data-sets/weiss/streets2.dict	fsa_build	131434	wall	0.09	0:00.09	user	0.09	sys	0.00	max-mem-kb	109712	dta	0	inputs	0	outputs	272
data-sets/weiss/pl.dict	morfologik_nx	1806661	wall	19.59	0:19.59	user	19.56	sys	0.24	max-mem-kb	299184	dta	0	inputs	323768	outputs	3608
data-sets/weiss/pl.dict	morfologik_cfsa2	1889235	wall	13.48	0:13.48	user	13.76	sys	0.08	max-mem-kb	299264	dta	0	inputs	0	outputs	3776
data-sets/weiss/pl.dict	morfologik_fsa5	2890298	wall	11.53	0:11.53	user	11.62	sys	0.06	max-mem-kb	245824	dta	0	inputs	0	outputs	5720
data-sets/weiss/pl.dict	fsa_build	2718675	wall	73.59	1:13.59	user	73.21	sys	0.23	max-mem-kb	1781552	dta	0	inputs	0	outputs	5504
