deutsch.dic	morfologik_nx	220223	wall	1.44	0:01.44	user	0.00	sys	0.01	max-mem-kb	248832	dta	0	inputs	0	outputs	0
deutsch.dic	morfologik	226572	wall	0.80	0:00.80	user	0.00	sys	0.01	max-mem-kb	248832	dta	0	inputs	0	outputs	0
deutsch.dic	morfologik_fsa5	309774	wall	0.45	0:00.45	user	0.00	sys	0.00	max-mem-kb	248576	dta	0	inputs	0	outputs	0
dimacs.dic	morfologik_nx	1522206	wall	9.00	0:09.00	user	0.00	sys	0.00	max-mem-kb	248832	dta	0	inputs	0	outputs	0
dimacs.dic	morfologik	1592834	wall	3.65	0:03.65	user	0.00	sys	0.01	max-mem-kb	248576	dta	0	inputs	0	outputs	0
dimacs.dic	morfologik_fsa5	2570308	wall	0.91	0:00.91	user	0.00	sys	0.01	max-mem-kb	249088	dta	0	inputs	0	outputs	0
enable.dic	morfologik_nx	297231	wall	1.30	0:01.30	user	0.01	sys	0.01	max-mem-kb	249088	dta	0	inputs	0	outputs	0
enable.dic	morfologik	302600	wall	0.84	0:00.84	user	0.00	sys	0.00	max-mem-kb	249088	dta	0	inputs	0	outputs	0
enable.dic	morfologik_fsa5	440622	wall	0.42	0:00.42	user	0.00	sys	0.01	max-mem-kb	249088	dta	0	inputs	0	outputs	0
english.dic	morfologik_nx	177081	wall	0.87	0:00.87	user	0.00	sys	0.01	max-mem-kb	248576	dta	0	inputs	0	outputs	0
english.dic	morfologik	179005	wall	0.65	0:00.65	user	0.00	sys	0.01	max-mem-kb	249088	dta	0	inputs	0	outputs	0
english.dic	morfologik_fsa5	265610	wall	0.34	0:00.34	user	0.00	sys	0.00	max-mem-kb	249088	dta	0	inputs	0	outputs	0
eo.dic	morfologik_nx	150189	wall	1.25	0:01.25	user	0.00	sys	0.01	max-mem-kb	249088	dta	0	inputs	0	outputs	0
eo.dic	morfologik	150859	wall	0.98	0:00.98	user	0.04	sys	0.00	max-mem-kb	248832	dta	0	inputs	0	outputs	0
eo.dic	morfologik_fsa5	228226	wall	0.74	0:00.74	user	0.00	sys	0.01	max-mem-kb	248576	dta	0	inputs	0	outputs	0
esp.dic	morfologik_nx	274686	wall	1.25	0:01.25	user	0.00	sys	0.00	max-mem-kb	248832	dta	0	inputs	0	outputs	0
esp.dic	morfologik	279361	wall	0.95	0:00.95	user	0.01	sys	0.00	max-mem-kb	248832	dta	0	inputs	0	outputs	0
esp.dic	morfologik_fsa5	420798	wall	0.64	0:00.64	user	0.00	sys	0.00	max-mem-kb	249088	dta	0	inputs	0	outputs	0
files.dic	morfologik_nx	9425676	wall	106.68	1:46.68	user	0.00	sys	0.01	max-mem-kb	249088	dta	0	inputs	0	outputs	0
files.dic	morfologik	9677538	wall	43.39	0:43.39	user	0.01	sys	0.00	max-mem-kb	249088	dta	0	inputs	0	outputs	0
files.dic	morfologik_fsa5	13077391	wall	9.93	0:09.93	user	0.00	sys	0.01	max-mem-kb	248576	dta	0	inputs	0	outputs	0
fr.dic	morfologik_nx	157005	wall	0.89	0:00.89	user	0.00	sys	0.00	max-mem-kb	249088	dta	0	inputs	0	outputs	0
fr.dic	morfologik	157470	wall	0.73	0:00.73	user	0.00	sys	0.01	max-mem-kb	248576	dta	0	inputs	0	outputs	0
fr.dic	morfologik_fsa5	239198	wall	0.44	0:00.44	user	0.04	sys	0.01	max-mem-kb	248832	dta	0	inputs	0	outputs	0
full.dic	morfologik_nx	35	wall	0.19	0:00.19	user	0.01	sys	0.00	max-mem-kb	248832	dta	0	inputs	0	outputs	0
full.dic	morfologik	31	wall	0.19	0:00.19	user	0.00	sys	0.01	max-mem-kb	248576	dta	0	inputs	0	outputs	0
full.dic	morfologik_fsa5	38	wall	0.19	0:00.19	user	0.00	sys	0.00	max-mem-kb	248832	dta	0	inputs	0	outputs	0
ifiles.dic	morfologik_nx	9982004	wall	107.08	1:47.08	user	0.00	sys	0.00	max-mem-kb	249088	dta	0	inputs	0	outputs	0
ifiles.dic	morfologik	10216252	wall	46.08	0:46.08	user	0.00	sys	0.01	max-mem-kb	248832	dta	0	inputs	0	outputs	0
ifiles.dic	morfologik_fsa5	13448098	wall	16.81	0:16.81	user	0.00	sys	0.00	max-mem-kb	248832	dta	0	inputs	0	outputs	0
one.dic	morfologik_nx	36	wall	0.22	0:00.22	user	0.00	sys	0.01	max-mem-kb	248832	dta	0	inputs	0	outputs	0
one.dic	morfologik	36	wall	0.20	0:00.20	user	0.01	sys	0.00	max-mem-kb	248832	dta	0	inputs	0	outputs	0
one.dic	morfologik_fsa5	36	wall	0.20	0:00.20	user	0.00	sys	0.00	max-mem-kb	248576	dta	0	inputs	0	outputs	0
Polish.dic	morfologik_nx	488500	wall	2.36	0:02.36	user	0.00	sys	0.00	max-mem-kb	248832	dta	0	inputs	0	outputs	0
Polish.dic	morfologik	503653	wall	1.55	0:01.55	user	0.00	sys	0.00	max-mem-kb	248832	dta	0	inputs	0	outputs	0
Polish.dic	morfologik_fsa5	738702	wall	0.99	0:00.99	user	0.01	sys	0.00	max-mem-kb	249088	dta	0	inputs	0	outputs	0
random.dic	morfologik_nx	852074	wall	4.45	0:04.45	user	0.00	sys	0.00	max-mem-kb	248832	dta	0	inputs	0	outputs	0
random.dic	morfologik	863927	wall	2.20	0:02.20	user	0.00	sys	0.01	max-mem-kb	249088	dta	0	inputs	0	outputs	0
random.dic	morfologik_fsa5	1206258	wall	0.56	0:00.56	user	0.00	sys	0.01	max-mem-kb	249088	dta	0	inputs	0	outputs	0
russian.dic	morfologik_nx	362219	wall	1.51	0:01.51	user	0.00	sys	0.01	max-mem-kb	248576	dta	0	inputs	0	outputs	0
russian.dic	morfologik	371176	wall	1.15	0:01.15	user	0.01	sys	0.00	max-mem-kb	248576	dta	0	inputs	0	outputs	0
russian.dic	morfologik_fsa5	548940	wall	0.69	0:00.69	user	0.01	sys	0.00	max-mem-kb	249088	dta	0	inputs	0	outputs	0
sample.dic	morfologik_nx	56	wall	0.20	0:00.20	user	0.00	sys	0.01	max-mem-kb	248832	dta	0	inputs	0	outputs	0
sample.dic	morfologik	55	wall	0.20	0:00.20	user	0.00	sys	0.01	max-mem-kb	248832	dta	0	inputs	0	outputs	0
sample.dic	morfologik_fsa5	69	wall	0.16	0:00.16	user	0.00	sys	0.01	max-mem-kb	248832	dta	0	inputs	0	outputs	0
scrable.dic	morfologik_nx	317862	wall	1.25	0:01.25	user	0.00	sys	0.00	max-mem-kb	248576	dta	0	inputs	0	outputs	0
scrable.dic	morfologik	323983	wall	0.84	0:00.84	user	0.00	sys	0.01	max-mem-kb	248576	dta	0	inputs	0	outputs	0
scrable.dic	morfologik_fsa5	477504	wall	0.42	0:00.42	user	0.01	sys	0.00	max-mem-kb	248832	dta	0	inputs	0	outputs	0
test.dic	morfologik_nx	134	wall	0.17	0:00.17	user	0.00	sys	0.01	max-mem-kb	248832	dta	0	inputs	0	outputs	0
test.dic	morfologik	132	wall	0.19	0:00.19	user	0.00	sys	0.01	max-mem-kb	248832	dta	0	inputs	0	outputs	0
test.dic	morfologik_fsa5	175	wall	0.19	0:00.19	user	0.03	sys	0.00	max-mem-kb	248832	dta	0	inputs	0	outputs	0
unix.dic	morfologik_nx	96994	wall	0.56	0:00.56	user	0.00	sys	0.01	max-mem-kb	249088	dta	0	inputs	0	outputs	0
unix.dic	morfologik	97058	wall	0.49	0:00.49	user	0.00	sys	0.00	max-mem-kb	249088	dta	0	inputs	0	outputs	0
unix.dic	morfologik_fsa5	145090	wall	0.31	0:00.31	user	0.00	sys	0.01	max-mem-kb	248576	dta	0	inputs	0	outputs	0
unix_m.dic	morfologik_nx	73997	wall	0.54	0:00.54	user	0.00	sys	0.01	max-mem-kb	249088	dta	0	inputs	0	outputs	0
unix_m.dic	morfologik	74128	wall	0.44	0:00.44	user	0.00	sys	0.01	max-mem-kb	248576	dta	0	inputs	0	outputs	0
unix_m.dic	morfologik_fsa5	113504	wall	0.29	0:00.29	user	0.00	sys	0.00	max-mem-kb	248832	dta	0	inputs	0	outputs	0
webster.dic	morfologik_nx	305283	wall	1.24	0:01.24	user	0.00	sys	0.01	max-mem-kb	249088	dta	0	inputs	0	outputs	0
webster.dic	morfologik	310909	wall	0.85	0:00.85	user	0.00	sys	0.01	max-mem-kb	248832	dta	0	inputs	0	outputs	0
webster.dic	morfologik_fsa5	458326	wall	0.40	0:00.40	user	0.00	sys	0.01	max-mem-kb	248832	dta	0	inputs	0	outputs	0
