Assuming input is already sorted
  0.67s, sequences: 1000000
  1.20s, sequences: 2000000
  1.62s, sequences: 3000000
  2.16s, sequences: 4000000
  2.88s, sequences: 5000000
  3.37s, sequences: 6000000
  3.95s, sequences: 7000000
  4.43s, sequences: 8000000
  4.97s, sequences: 9000000
  5.76s, sequences: 10000000
  6.34s, sequences: 11000000
  7.40s, sequences: 12000000
  8.40s, sequences: 13000000
  9.80s, sequences: 14000000
 10.85s, sequences: 15000000
 12.00s, sequences: 16000000
 13.00s, sequences: 17000000
 14.00s, sequences: 18000000
 15.28s, sequences: 19000000
 16.34s, sequences: 20000000
 17.36s, sequences: 21000000
 19.31s, sequences: 22000000
 20.63s, sequences: 23000000
 22.58s, sequences: 24000000
 23.91s, sequences: 25000000
 24.94s, sequences: 26000000
 25.98s, sequences: 27000000
 27.34s, sequences: 28000000
 28.55s, sequences: 29000000
 29.70s, sequences: 30000000
 31.09s, sequences: 31000000
 32.38s, sequences: 32000000
 33.56s, sequences: 33000000
 35.09s, sequences: 34000000
 36.29s, sequences: 35000000
 38.08s, sequences: 36000000
 39.64s, sequences: 37000000
 41.30s, sequences: 38000000
Building FSA...                        0.17 sec.  [ 41.50 sec.]
Input sequences                  38,092,045
Statistics...                         13.64 sec.  [ 55.15 sec.]
Nodes                            41,209,898
Arcs                             71,110,290
Tail nodes                       23,942,633
States with the given # of outgoing arcs:
  #1                             30,129,031
  #2                              5,887,956
  #3                              2,004,192
  #4                                966,760
  #5                                544,405
  #6                                359,042
  #7                                275,583
  #8                                233,680
  #9                                201,927
  #10                               195,949
  #11                                89,067
  #12                                53,936
  #13                                39,279
  #14                                31,924
  #15                                26,122
  #16                                22,799
  #17                                18,864
  #18                                15,764
  #19                                13,495
  #20                                11,984
  #21                                10,498
  #22                                 9,396
  #23                                 8,372
  #24                                 7,504
  #25                                 6,641
  #26                                 5,866
  #27                                 4,994
  #28                                 4,385
  #29                                 3,944
  #30                                 3,376
  #31                                 3,041
  #32                                 2,765
  #33                                 2,416
  #34                                 2,206
  #35                                 1,933
  #36                                 1,625
  #37                                 1,566
  #38                                 1,389
  #39                                 1,258
  #40                                 1,083
  #41                                   836
  #42                                   645
  #43                                   531
  #44                                   444
  #45                                   287
  #46                                   234
  #47                                   188
  #48                                   126
  #49                                    99
  #50                                    96
  #51                                    65
  #52                                    52
  #53                                    44
  #54                                    26
  #55                                    32
  #56                                    28
  #57                                    26
  #58                                    15
  #59                                    16
  #60                                     6
  #61                                     5
  #62                                     9
  #63                                    14
  #64                                    46
  #65                                     6
  #66                                     3
  #67                                     0
  #68                                     0
  #69                                     0
  #70                                     0
  #71                                     0
  #72                                     0
  #73                                     0
  #74                                     0
  #75                                     0
  #76                                     0
  #77                                     0
  #78                                     0
  #79                                     0
  #80                                     0
  #81                                     0
  #82                                     1
FSA builder properties:
Serialization buffer size       429,916,160
Serialization buffer reallocs            82
Constant arc FSA size           427,127,148
Max active path                         303
Registry hash slots              67,108,864
Registry hash entries            26,586,082
Estimated mem consumption (MB)        666.0
est. number storage              38,092,046
Serializing CFSA2...          
Label distribution...         
0x61                              4,211,643
0x65                              3,976,390
0x69                              3,281,417
0x6f                              2,985,421
0x6e                              2,804,247
0x72                              2,755,741
0x73                              2,725,058
0x74                              2,562,286
0x6c                              2,165,021
0x5f                              2,079,544
0x30                              1,965,494
0x63                              1,921,213
0x31                              1,900,710
0x32                              1,804,029
0x64                              1,691,408
0x33                              1,627,609
0x75                              1,612,505
0x35                              1,562,007
0x34                              1,540,720
0x68                              1,532,560
0x39                              1,475,790
0x37                              1,468,455
0x6d                              1,468,067
0x36                              1,462,505
0x38                              1,455,972
0x70                              1,260,250
0x67                              1,214,239
0x62                              1,206,412
0x2e                              1,171,013
0x66                              1,030,275
0x6b                                948,353
0x79                                916,222
0x76                                755,727
0x77                                741,588
0x6a                                579,300
0x7a                                470,119
0xd0                                376,197
0xe0                                364,690
0x78                                328,891
0xc3                                305,932
0x27                                291,586
0x71                                280,445
0xb8                                253,152
0xd1                                237,912
0xb0                                142,166
0x83                                137,629
0x2c                                124,601
0xb5                                110,294
0x82                                108,034
0xbe                                105,928
0x80                                100,338
0x81                                 96,852
0xc4                                 93,573
0xe2                                 93,144
0xa4                                 91,833
0xbd                                 83,697
0xb2                                 83,271
0xc5                                 83,061
0xb9                                 80,965
0xb4                                 78,449
0xb3                                 74,698
0xe1                                 74,292
0xe3                                 73,860
0xb1                                 72,089
0xbc                                 69,269
0xa1                                 68,641
0xce                                 66,348
0xd8                                 66,018
0xba                                 65,354
0xd9                                 63,364
0x88                                 58,931
0x8d                                 58,304
0xa7                                 57,855
0xbb                                 56,484
0x99                                 55,535
0xa6                                 53,136
0xa8                                 52,880
0xa9                                 51,848
0xaa                                 51,659
0xbf                                 51,498
0xaf                                 49,705
0x95                                 49,589
0x84                                 49,409
0xad                                 49,399
0x3a                                 48,056
0xa5                                 46,059
0xd7                                 46,049
0xae                                 45,395
0x87                                 44,045
0xa3                                 42,489
0xcf                                 39,948
0x86                                 38,705
0xb7                                 38,617
0x8c                                 38,594
0xb6                                 37,993
0xab                                 34,696
0x8a                                 32,081
0xac                                 31,909
0x85                                 31,108
0x8b                                 30,831
0x90                                 30,220
0x94                                 29,514
0xa0                                 29,107
0x98                                 29,092
0x9f                                 28,059
0xec                                 27,905
0xc9                                 27,787
0x9e                                 26,080
0xeb                                 25,234
0x9c                                 25,100
0xa2                                 24,226
0x96                                 23,704
0x97                                 23,331
0x9b                                 20,844
0x9a                                 20,206
0x8f                                 20,077
0x91                                 19,943
0x9d                                 18,656
0x89                                 18,165
0x93                                 17,880
0xdb                                 17,175
0x8e                                 16,136
0xcb                                 15,382
0xca                                 14,629
0xd5                                 14,463
0xed                                 12,449
0x92                                 11,987
0xcc                                 11,571
0xea                                  9,855
0xd6                                  8,379
0xda                                  8,289
0xc2                                  6,754
0xde                                  4,742
0xc7                                  4,524
0xc8                                  4,112
0xef                                  4,033
0xd2                                  3,276
0xd3                                  1,909
0x3b                                  1,748
0xdc                                  1,622
0xcd                                  1,292
0xf0                                  1,281
0xc6                                    770
0xd4                                     38
0xdf                                     24
0xdd                                     23
0xe4                                      1
0xe5                                      1
0xe6                                      1
0xe7                                      1
0xe8                                      1
0xe9                                      1
Label distribution...                  0.02 sec.  [ 68.88 sec.]
Compacting...                 
Initial output size             237,852,104
Moved 25 states, output size    226,175,389
Moved 50 states, output size    223,321,731
Moved 75 states, output size    222,575,115
Moved 100 states, output size   221,868,972
Moved 125 states, output size   221,137,651
Moved 150 states, output size   220,474,220
Will move 150 states, final size  220,474,220
Compacting...                        504.01 sec.  [774.57 sec.]
Serializing CFSA2...                 720.16 sec.  [786.33 sec.]
