Assuming input is already sorted
Building FSA...                        0.01 sec.  [  0.35 sec.]
Input sequences                     642,014
Warning: input contained carriage returns?
Statistics...                          0.17 sec.  [  0.52 sec.]
Nodes                               411,500
Arcs                              1,053,513
Tail nodes                            1,166
States with the given # of outgoing arcs:
  #1                                115,543
  #2                                159,950
  #3                                 44,442
  #4                                 41,429
  #5                                 22,799
  #6                                  7,817
  #7                                 12,326
  #8                                  3,023
  #9                                    793
  #10                                   402
  #11                                   882
  #12                                 1,680
  #13                                   135
  #14                                    72
  #15                                    46
  #16                                    26
  #17                                    25
  #18                                    15
  #19                                    18
  #20                                    21
  #21                                    11
  #22                                    13
  #23                                     5
  #24                                     8
  #25                                     7
  #26                                     7
  #27                                     2
  #28                                     0
  #29                                     0
  #30                                     1
  #31                                     0
  #32                                     0
  #33                                     0
  #34                                     0
  #35                                     0
  #36                                     0
  #37                                     0
  #38                                     0
  #39                                     0
  #40                                     0
  #41                                     0
  #42                                     0
  #43                                     0
  #44                                     0
  #45                                     0
  #46                                     0
  #47                                     0
  #48                                     0
  #49                                     0
  #50                                     0
  #51                                     0
  #52                                     0
  #53                                     0
  #54                                     1
FSA builder properties:
Serialization buffer size        10,485,760
Serialization buffer reallocs             2
Constant arc FSA size             6,357,942
Max active path                          24
Registry hash slots                   4,096
Registry hash entries                 1,167
Estimated mem consumption (MB)    10.015625
est. number storage                 642,015
Serializing CFSA2...          
Label distribution...         
0xd                                 221,609
0x73                                180,856
0x69                                 90,551
0x61                                 88,818
0x6e                                 87,567
0x65                                 71,583
0x6f                                 68,656
0x6d                                 43,952
0x72                                 29,453
0x64                                 24,250
0x74                                 23,208
0x6c                                 20,698
0xe9                                 17,978
0xe1                                 17,679
0x62                                 16,747
0xf3                                 11,920
0xed                                 11,714
0x63                                  8,796
0x75                                  4,994
0x67                                  2,379
0x7a                                  2,255
0x70                                  1,324
0x76                                  1,205
0x66                                  1,147
0x6a                                  1,140
0x71                                  1,024
0x68                                    775
0xf1                                    525
0x79                                    260
0xfa                                    221
0x78                                    128
0xfc                                     63
0x6b                                      8
0x53                                      3
0x42                                      2
0x4e                                      2
0x77                                      2
0x41                                      1
0x43                                      1
0x44                                      1
0x45                                      1
0x46                                      1
0x47                                      1
0x48                                      1
0x49                                      1
0x4a                                      1
0x4c                                      1
0x4d                                      1
0x4f                                      1
0x50                                      1
0x52                                      1
0x54                                      1
0x55                                      1
0x56                                      1
0x59                                      1
0x5a                                      1
0xc1                                      1
Label distribution...                  0.01 sec.  [  0.71 sec.]
Compacting...                 
Initial output size               2,780,464
Moved 25 states, output size      2,334,008
Moved 50 states, output size      2,333,417
Moved 75 states, output size      2,333,236
Moved 100 states, output size     2,333,167
Moved 125 states, output size     2,333,120
Moved 150 states, output size     2,333,098
Will move 150 states, final size    2,333,098
Compacting...                          3.91 sec.  [  5.30 sec.]
Serializing CFSA2...                   4.80 sec.  [  5.46 sec.]
