data-sets/ciura-deorowicz/random.dict	morfologik_cfsa2	863927	wall	6.16	0:06.16	user	6.66	sys	0.12	max-mem-kb	327136	dta	0	inputs	0	outputs	1760
data-sets/ciura-deorowicz/random.dict	morfologik_cfsa2_numvint	1199472	wall	8.25	0:08.25	user	8.86	sys	0.14	max-mem-kb	343520	dta	0	inputs	0	outputs	2416
data-sets/ciura-deorowicz/random.dict	morfologik_cfsa2_numfixed	1863451	wall	7.33	0:07.33	user	7.98	sys	0.12	max-mem-kb	338912	dta	0	inputs	0	outputs	3712
data-sets/ciura-deorowicz/files.dict	morfologik_cfsa2	9677538	wall	80.36	1:20.36	user	79.76	sys	0.87	max-mem-kb	1812352	dta	0	inputs	411816	outputs	19128
data-sets/ciura-deorowicz/files.dict	morfologik_cfsa2_numvint	12995627	wall	117.17	1:57.17	user	117.01	sys	1.03	max-mem-kb	1979920	dta	0	inputs	584	outputs	25632
data-sets/ciura-deorowicz/files.dict	morfologik_cfsa2_numfixed	19381757	wall	89.51	1:29.51	user	89.83	sys	0.75	max-mem-kb	2164544	dta	0	inputs	0	outputs	38112
data-sets/ciura-deorowicz/unix.dict	morfologik_cfsa2	97058	wall	0.96	0:00.96	user	1.46	sys	0.04	max-mem-kb	172288	dta	0	inputs	2288	outputs	264
data-sets/ciura-deorowicz/unix.dict	morfologik_cfsa2_numvint	116862	wall	1.09	0:01.09	user	1.68	sys	0.08	max-mem-kb	176624	dta	0	inputs	0	outputs	304
data-sets/ciura-deorowicz/unix.dict	morfologik_cfsa2_numfixed	136005	wall	1.05	0:01.05	user	1.60	sys	0.08	max-mem-kb	176560	dta	0	inputs	0	outputs	344
data-sets/ciura-deorowicz/ifiles.dict	morfologik_cfsa2	10216252	wall	78.43	1:18.43	user	78.28	sys	1.00	max-mem-kb	1803056	dta	0	inputs	411896	outputs	20200
data-sets/ciura-deorowicz/ifiles.dict	morfologik_cfsa2_numvint	13722237	wall	125.13	2:05.13	user	125.32	sys	0.84	max-mem-kb	2348560	dta	0	inputs	0	outputs	27056
data-sets/ciura-deorowicz/ifiles.dict	morfologik_cfsa2_numfixed	20506727	wall	104.37	1:44.37	user	104.52	sys	0.80	max-mem-kb	2252016	dta	0	inputs	496	outputs	40312
data-sets/ciura-deorowicz/scrable.dict	morfologik_cfsa2	323983	wall	1.62	0:01.62	user	2.01	sys	0.06	max-mem-kb	181984	dta	0	inputs	3704	outputs	712
data-sets/ciura-deorowicz/scrable.dict	morfologik_cfsa2_numvint	382991	wall	1.99	0:01.99	user	2.52	sys	0.08	max-mem-kb	188048	dta	0	inputs	0	outputs	824
data-sets/ciura-deorowicz/scrable.dict	morfologik_cfsa2_numfixed	496335	wall	2.16	0:02.16	user	2.75	sys	0.08	max-mem-kb	185872	dta	0	inputs	0	outputs	1048
data-sets/ciura-deorowicz/full.dict	morfologik_cfsa2	31	wall	0.23	0:00.23	user	0.22	sys	0.04	max-mem-kb	125456	dta	0	inputs	24	outputs	80
data-sets/ciura-deorowicz/full.dict	morfologik_cfsa2_numvint	36	wall	0.22	0:00.22	user	0.22	sys	0.03	max-mem-kb	125280	dta	0	inputs	0	outputs	80
data-sets/ciura-deorowicz/full.dict	morfologik_cfsa2_numfixed	37	wall	0.24	0:00.24	user	0.25	sys	0.02	max-mem-kb	125280	dta	0	inputs	0	outputs	80
data-sets/ciura-deorowicz/unix_m.dict	morfologik_cfsa2	74128	wall	0.85	0:00.85	user	1.28	sys	0.04	max-mem-kb	162480	dta	0	inputs	336	outputs	224
data-sets/ciura-deorowicz/unix_m.dict	morfologik_cfsa2_numvint	89409	wall	0.95	0:00.95	user	1.48	sys	0.04	max-mem-kb	165728	dta	0	inputs	0	outputs	248
data-sets/ciura-deorowicz/unix_m.dict	morfologik_cfsa2_numfixed	104208	wall	0.99	0:00.99	user	1.50	sys	0.06	max-mem-kb	177344	dta	0	inputs	0	outputs	280
data-sets/ciura-deorowicz/deutsch.dict	morfologik_cfsa2	226572	wall	1.47	0:01.47	user	2.00	sys	0.03	max-mem-kb	183440	dta	0	inputs	5712	outputs	520
data-sets/ciura-deorowicz/deutsch.dict	morfologik_cfsa2_numvint	275774	wall	1.76	0:01.76	user	2.42	sys	0.07	max-mem-kb	182480	dta	0	inputs	0	outputs	616
data-sets/ciura-deorowicz/deutsch.dict	morfologik_cfsa2_numfixed	370091	wall	1.66	0:01.66	user	2.09	sys	0.07	max-mem-kb	183568	dta	0	inputs	0	outputs	800
data-sets/ciura-deorowicz/dimacs.dict	morfologik_cfsa2	1592834	wall	9.87	0:09.87	user	10.35	sys	0.15	max-mem-kb	370960	dta	0	inputs	14232	outputs	3184
data-sets/ciura-deorowicz/dimacs.dict	morfologik_cfsa2_numvint	2046502	wall	11.49	0:11.49	user	12.18	sys	0.15	max-mem-kb	420048	dta	0	inputs	0	outputs	4072
data-sets/ciura-deorowicz/dimacs.dict	morfologik_cfsa2_numfixed	2974604	wall	11.91	0:11.91	user	12.60	sys	0.15	max-mem-kb	421792	dta	0	inputs	0	outputs	5888
data-sets/ciura-deorowicz/webster.dict	morfologik_cfsa2	310909	wall	1.62	0:01.62	user	1.96	sys	0.07	max-mem-kb	177024	dta	0	inputs	2136	outputs	680
data-sets/ciura-deorowicz/webster.dict	morfologik_cfsa2_numvint	369878	wall	2.38	0:02.38	user	2.85	sys	0.04	max-mem-kb	190176	dta	0	inputs	0	outputs	800
data-sets/ciura-deorowicz/webster.dict	morfologik_cfsa2_numfixed	484565	wall	1.90	0:01.90	user	2.41	sys	0.06	max-mem-kb	188720	dta	0	inputs	0	outputs	1024
data-sets/ciura-deorowicz/test.dict	morfologik_cfsa2	132	wall	0.24	0:00.24	user	0.22	sys	0.04	max-mem-kb	126832	dta	0	inputs	0	outputs	80
data-sets/ciura-deorowicz/test.dict	morfologik_cfsa2_numvint	160	wall	0.25	0:00.25	user	0.24	sys	0.02	max-mem-kb	126320	dta	0	inputs	0	outputs	80
data-sets/ciura-deorowicz/test.dict	morfologik_cfsa2_numfixed	161	wall	0.26	0:00.26	user	0.22	sys	0.04	max-mem-kb	125920	dta	0	inputs	0	outputs	80
data-sets/ciura-deorowicz/fr.dict	morfologik_cfsa2	157470	wall	1.41	0:01.41	user	1.66	sys	0.07	max-mem-kb	178096	dta	0	inputs	5232	outputs	384
data-sets/ciura-deorowicz/fr.dict	morfologik_cfsa2_numvint	189017	wall	1.48	0:01.48	user	2.04	sys	0.04	max-mem-kb	188688	dta	0	inputs	0	outputs	448
data-sets/ciura-deorowicz/fr.dict	morfologik_cfsa2_numfixed	245370	wall	1.37	0:01.37	user	1.91	sys	0.07	max-mem-kb	190288	dta	0	inputs	0	outputs	552
data-sets/ciura-deorowicz/eo.dict	morfologik_cfsa2	150859	wall	1.55	0:01.55	user	2.06	sys	0.06	max-mem-kb	175680	dta	0	inputs	23920	outputs	368
data-sets/ciura-deorowicz/eo.dict	morfologik_cfsa2_numvint	180107	wall	1.68	0:01.68	user	2.21	sys	0.10	max-mem-kb	183600	dta	0	inputs	0	outputs	424
data-sets/ciura-deorowicz/eo.dict	morfologik_cfsa2_numfixed	218300	wall	1.69	0:01.69	user	2.26	sys	0.10	max-mem-kb	185888	dta	0	inputs	0	outputs	504
data-sets/ciura-deorowicz/sample.dict	morfologik_cfsa2	55	wall	0.27	0:00.27	user	0.27	sys	0.03	max-mem-kb	125840	dta	0	inputs	0	outputs	80
data-sets/ciura-deorowicz/sample.dict	morfologik_cfsa2_numvint	70	wall	0.24	0:00.24	user	0.22	sys	0.04	max-mem-kb	125232	dta	0	inputs	0	outputs	80
data-sets/ciura-deorowicz/sample.dict	morfologik_cfsa2_numfixed	71	wall	0.28	0:00.28	user	0.23	sys	0.02	max-mem-kb	125536	dta	0	inputs	0	outputs	80
data-sets/ciura-deorowicz/esp.dict	morfologik_cfsa2	279361	wall	1.80	0:01.80	user	2.12	sys	0.06	max-mem-kb	181296	dta	0	inputs	15312	outputs	624
data-sets/ciura-deorowicz/esp.dict	morfologik_cfsa2_numvint	318748	wall	1.80	0:01.80	user	2.37	sys	0.07	max-mem-kb	187152	dta	0	inputs	0	outputs	696
data-sets/ciura-deorowicz/esp.dict	morfologik_cfsa2_numfixed	387744	wall	1.73	0:01.73	user	2.18	sys	0.07	max-mem-kb	183008	dta	0	inputs	0	outputs	832
data-sets/ciura-deorowicz/polish.dict	morfologik_cfsa2	503653	wall	2.96	0:02.96	user	3.35	sys	0.10	max-mem-kb	181104	dta	0	inputs	35928	outputs	1056
data-sets/ciura-deorowicz/polish.dict	morfologik_cfsa2_numvint	581646	wall	3.52	0:03.52	user	3.95	sys	0.10	max-mem-kb	186032	dta	0	inputs	0	outputs	1216
data-sets/ciura-deorowicz/polish.dict	morfologik_cfsa2_numfixed	716034	wall	3.26	0:03.26	user	3.84	sys	0.12	max-mem-kb	185616	dta	0	inputs	0	outputs	1472
data-sets/ciura-deorowicz/english.dict	morfologik_cfsa2	179005	wall	1.32	0:01.32	user	1.68	sys	0.06	max-mem-kb	178512	dta	0	inputs	1488	outputs	424
data-sets/ciura-deorowicz/english.dict	morfologik_cfsa2_numvint	214824	wall	1.61	0:01.61	user	2.06	sys	0.08	max-mem-kb	185296	dta	0	inputs	0	outputs	496
data-sets/ciura-deorowicz/english.dict	morfologik_cfsa2_numfixed	284452	wall	1.62	0:01.62	user	2.06	sys	0.05	max-mem-kb	183056	dta	0	inputs	0	outputs	632
data-sets/ciura-deorowicz/enable.dict	morfologik_cfsa2	302600	wall	1.81	0:01.81	user	2.01	sys	0.06	max-mem-kb	178832	dta	0	inputs	3376	outputs	664
data-sets/ciura-deorowicz/enable.dict	morfologik_cfsa2_numvint	361354	wall	2.17	0:02.17	user	2.66	sys	0.06	max-mem-kb	182416	dta	0	inputs	0	outputs	784
data-sets/ciura-deorowicz/enable.dict	morfologik_cfsa2_numfixed	474643	wall	1.89	0:01.89	user	2.34	sys	0.04	max-mem-kb	186608	dta	0	inputs	0	outputs	1000
data-sets/ciura-deorowicz/russian.dict	morfologik_cfsa2	371176	wall	2.07	0:02.07	user	2.55	sys	0.07	max-mem-kb	179968	dta	0	inputs	19128	outputs	800
data-sets/ciura-deorowicz/russian.dict	morfologik_cfsa2_numvint	430857	wall	2.69	0:02.69	user	3.24	sys	0.06	max-mem-kb	183456	dta	0	inputs	0	outputs	920
data-sets/ciura-deorowicz/russian.dict	morfologik_cfsa2_numfixed	535530	wall	2.32	0:02.32	user	2.94	sys	0.06	max-mem-kb	186448	dta	0	inputs	0	outputs	1120
data-sets/ciura-deorowicz/one.dict	morfologik_cfsa2	36	wall	0.23	0:00.23	user	0.23	sys	0.02	max-mem-kb	124784	dta	0	inputs	0	outputs	80
data-sets/ciura-deorowicz/one.dict	morfologik_cfsa2_numvint	47	wall	0.23	0:00.23	user	0.22	sys	0.04	max-mem-kb	125872	dta	0	inputs	0	outputs	80
data-sets/ciura-deorowicz/one.dict	morfologik_cfsa2_numfixed	48	wall	0.26	0:00.26	user	0.21	sys	0.04	max-mem-kb	125600	dta	0	inputs	0	outputs	80
data-sets/weiss/streets.dict	morfologik_cfsa2	252110	wall	1.65	0:01.65	user	2.18	sys	0.08	max-mem-kb	186432	dta	0	inputs	1352	outputs	568
data-sets/weiss/streets.dict	morfologik_cfsa2_numvint	319152	wall	2.25	0:02.25	user	2.86	sys	0.08	max-mem-kb	190528	dta	0	inputs	0	outputs	696
data-sets/weiss/streets.dict	morfologik_cfsa2_numfixed	384521	wall	1.89	0:01.89	user	2.43	sys	0.05	max-mem-kb	192432	dta	0	inputs	0	outputs	824
data-sets/weiss/wikipedia.dict	morfologik_cfsa2	45352895	wall	195.33	3:15.33	user	193.67	sys	2.42	max-mem-kb	3361968	dta	0	inputs	206176	outputs	88880
data-sets/weiss/wikipedia.dict	morfologik_cfsa2_numvint	53581194	wall	340.12	5:40.12	user	338.82	sys	2.22	max-mem-kb	3318016	dta	0	inputs	157840	outputs	105080
data-sets/weiss/wikipedia.dict	morfologik_cfsa2_numfixed	70105062	wall	313.02	5:13.02	user	311.18	sys	2.26	max-mem-kb	3163104	dta	0	inputs	680	outputs	137352
data-sets/weiss/streets2.dict	morfologik_cfsa2	95182	wall	1.16	0:01.16	user	1.60	sys	0.05	max-mem-kb	179232	dta	0	inputs	400	outputs	264
data-sets/weiss/streets2.dict	morfologik_cfsa2_numvint	125093	wall	1.32	0:01.32	user	1.86	sys	0.07	max-mem-kb	186960	dta	0	inputs	0	outputs	320
data-sets/weiss/streets2.dict	morfologik_cfsa2_numfixed	154154	wall	1.33	0:01.33	user	1.88	sys	0.07	max-mem-kb	185840	dta	0	inputs	0	outputs	376
data-sets/weiss/pl.dict	morfologik_cfsa2	1889235	wall	20.79	0:20.79	user	21.22	sys	0.33	max-mem-kb	282864	dta	0	inputs	323768	outputs	3776
data-sets/weiss/pl.dict	morfologik_cfsa2_numvint	2230998	wall	24.04	0:24.04	user	24.66	sys	0.27	max-mem-kb	294336	dta	0	inputs	0	outputs	4440
data-sets/weiss/pl.dict	morfologik_cfsa2_numfixed	2849337	wall	23.13	0:23.13	user	23.73	sys	0.22	max-mem-kb	298864	dta	0	inputs	0	outputs	5648
