Assuming input is already sorted
  0.55s, sequences: 1000000
Building FSA...                        0.01 sec.  [  0.73 sec.]
Input sequences                   1,365,467
Warning: input contained carriage returns?
Statistics...                          0.29 sec.  [  1.02 sec.]
Nodes                               824,041
Arcs                              2,189,507
Tail nodes                            3,034
States with the given # of outgoing arcs:
  #1                                223,882
  #2                                238,069
  #3                                158,990
  #4                                113,547
  #5                                 32,456
  #6                                 36,596
  #7                                  7,452
  #8                                  3,770
  #9                                  5,661
  #10                                 1,339
  #11                                   778
  #12                                   636
  #13                                   375
  #14                                   117
  #15                                    82
  #16                                    57
  #17                                    38
  #18                                    34
  #19                                    32
  #20                                    21
  #21                                    14
  #22                                    18
  #23                                    14
  #24                                    15
  #25                                     6
  #26                                    16
  #27                                     8
  #28                                     9
  #29                                     2
  #30                                     1
  #31                                     3
  #32                                     0
  #33                                     1
  #34                                     0
  #35                                     0
  #36                                     0
  #37                                     0
  #38                                     0
  #39                                     0
  #40                                     0
  #41                                     0
  #42                                     0
  #43                                     0
  #44                                     0
  #45                                     0
  #46                                     0
  #47                                     0
  #48                                     0
  #49                                     0
  #50                                     0
  #51                                     0
  #52                                     0
  #53                                     0
  #54                                     0
  #55                                     0
  #56                                     0
  #57                                     0
  #58                                     1
FSA builder properties:
Serialization buffer size        15,728,640
Serialization buffer reallocs             3
Constant arc FSA size            13,189,266
Max active path                          34
Registry hash slots                   8,192
Registry hash entries                 3,035
Estimated mem consumption (MB)     15.03125
est. number storage               1,365,468
Serializing CFSA2...          
Label distribution...         
0xd                                 407,474
0x6d                                279,668
0x63                                177,606
0x79                                143,501
0x69                                134,799
0x61                                132,329
0x65                                124,981
0xb6                                121,285
0xb1                                 86,570
0x6f                                 78,753
0x62                                 75,240
0x6a                                 72,128
0x67                                 54,403
0x6e                                 43,679
0x75                                 37,033
0x77                                 29,254
0x73                                 24,075
0xea                                 23,664
0x6c                                 21,536
0xb3                                 17,885
0xe6                                 17,663
0x6b                                 16,646
0x7a                                 16,126
0xf3                                 12,372
0x74                                 12,031
0x72                                  9,672
0xf1                                  5,056
0x64                                  4,822
0x70                                  2,642
0x68                                  2,043
0xbf                                  1,940
0x66                                  1,172
0xbc                                    907
0x2d                                     97
0x76                                     76
0x78                                     32
0x71                                     27
0x41                                     26
0x43                                     21
0x4d                                     19
0x52                                     19
0x50                                     18
0x53                                     17
0x54                                     17
0x4e                                     16
0x4f                                     16
0x4b                                     15
0x44                                     14
0x49                                     13
0x57                                     13
0x42                                     12
0x46                                     11
0x48                                     11
0x45                                     10
0x56                                     10
0x47                                      9
0x55                                      9
0x4c                                      7
0x5a                                      6
0x4a                                      3
0xa3                                      2
0xa6                                      2
0x51                                      1
0x59                                      1
0xaf                                      1
Label distribution...                  0.01 sec.  [  1.34 sec.]
Compacting...                 
Initial output size               5,837,754
Moved 25 states, output size      4,858,455
Moved 50 states, output size      4,855,722
Moved 75 states, output size      4,855,181
Moved 100 states, output size     4,854,914
Moved 125 states, output size     4,854,702
Moved 150 states, output size     4,854,526
Will move 150 states, final size    4,854,526
Compacting...                          7.72 sec.  [ 10.51 sec.]
Serializing CFSA2...                   9.53 sec.  [ 10.78 sec.]
