Assuming input is already sorted
Building FSA...                        0.01 sec.  [  0.06 sec.]
Input sequences                      20,497
Warning: input contained carriage returns?
Statistics...                          0.06 sec.  [  0.12 sec.]
Nodes                                18,077
Arcs                                 38,573
Tail nodes                            3,457
States with the given # of outgoing arcs:
  #1                                  8,119
  #2                                  6,199
  #3                                  1,784
  #4                                    730
  #5                                    412
  #6                                    229
  #7                                    137
  #8                                     94
  #9                                     89
  #10                                    70
  #11                                    44
  #12                                    28
  #13                                    30
  #14                                    21
  #15                                    21
  #16                                    11
  #17                                    12
  #18                                    12
  #19                                    10
  #20                                    11
  #21                                     2
  #22                                     3
  #23                                     1
  #24                                     2
  #25                                     0
  #26                                     3
  #27                                     1
  #28                                     1
FSA builder properties:
Serialization buffer size         5,242,880
Serialization buffer reallocs             1
Constant arc FSA size               266,766
Max active path                          23
Registry hash slots                   8,192
Registry hash entries                 3,458
Estimated mem consumption (MB)      5.03125
est. number storage                  20,498
Serializing CFSA2...          
Label distribution...         
0xd                                   3,688
0x65                                  3,665
0x69                                  3,240
0x61                                  3,081
0x74                                  2,844
0x6f                                  2,420
0x72                                  2,113
0x6e                                  1,914
0x6c                                  1,889
0x73                                  1,748
0x63                                  1,393
0x75                                  1,261
0x79                                  1,163
0x6d                                  1,104
0x64                                  1,034
0x70                                    943
0x68                                    904
0x67                                    892
0x62                                    879
0x66                                    607
0x76                                    468
0x77                                    440
0x6b                                    413
0x7a                                    149
0x78                                    134
0x71                                     82
0x6a                                     53
0x27                                     50
0x48                                      1
Label distribution...                  0.00 sec.  [  0.20 sec.]
Compacting...                 
Initial output size                 102,100
Moved 25 states, output size         92,185
Moved 50 states, output size         90,512
Moved 75 states, output size         90,107
Moved 100 states, output size        90,136
Moved 125 states, output size        90,169
Moved 150 states, output size        90,209
Will move 150 states, final size       90,209
Compacting...                          0.10 sec.  [  0.39 sec.]
Serializing CFSA2...                   0.27 sec.  [  0.44 sec.]
