Assuming input is already sorted
  5.31s, sequences: 1000000
 11.68s, sequences: 2000000
Building FSA...                        0.09 sec.  [ 16.38 sec.]
Input sequences                   2,744,641
Warning: input contained carriage returns?
Statistics...                          6.74 sec.  [ 23.12 sec.]
Nodes                            30,409,919
Arcs                             33,154,559
Tail nodes                        1,513,416
States with the given # of outgoing arcs:
  #1                             28,631,863
  #2                              1,422,699
  #3                                166,701
  #4                                 71,754
  #5                                 45,843
  #6                                 21,713
  #7                                 13,702
  #8                                  8,565
  #9                                  5,593
  #10                                 5,929
  #11                                 3,177
  #12                                 2,210
  #13                                 1,764
  #14                                 1,323
  #15                                 1,040
  #16                                   773
  #17                                   720
  #18                                   664
  #19                                   546
  #20                                   431
  #21                                   410
  #22                                   353
  #23                                   227
  #24                                   234
  #25                                   201
  #26                                   177
  #27                                   126
  #28                                   110
  #29                                   124
  #30                                   120
  #31                                    89
  #32                                    86
  #33                                    62
  #34                                    67
  #35                                    63
  #36                                    50
  #37                                    53
  #38                                    36
  #39                                    39
  #40                                    35
  #41                                    28
  #42                                    30
  #43                                    25
  #44                                    14
  #45                                    17
  #46                                    15
  #47                                    12
  #48                                    12
  #49                                     6
  #50                                     9
  #51                                     9
  #52                                    12
  #53                                     3
  #54                                     2
  #55                                     5
  #56                                     4
  #57                                     9
  #58                                     4
  #59                                     5
  #60                                     3
  #61                                     2
  #62                                     4
  #63                                     4
  #64                                     5
  #65                                     3
  #66                                     1
  #67                                     0
  #68                                     0
  #69                                     1
  #70                                     0
  #71                                     0
  #72                                     0
  #73                                     0
  #74                                     0
  #75                                     0
  #76                                     1
  #77                                     0
  #78                                     0
  #79                                     0
  #80                                     0
  #81                                     0
  #82                                     0
  #83                                     0
  #84                                     0
  #85                                     0
  #86                                     1
FSA builder properties:
Serialization buffer size       199,229,440
Serialization buffer reallocs            38
Constant arc FSA size           199,226,874
Max active path                         195
Registry hash slots               4,194,304
Registry hash entries             1,513,417
Estimated mem consumption (MB)        206.0
est. number storage               2,744,642
Serializing CFSA2...          
Label distribution...         
0x22                              4,038,368
0x57                              2,945,543
0x64                              1,917,928
0x65                              1,734,562
0x66                              1,675,796
0x62                              1,326,386
0x67                              1,298,325
0x53                              1,229,163
0x55                              1,228,143
0x60                                995,693
0x54                                966,186
0x1f                                913,122
0x5b                                876,755
0x5e                                875,355
0x61                                798,424
0x46                                790,254
0x37                                758,154
0x35                                735,164
0x21                                523,857
0xd                                 515,556
0x5f                                506,107
0x41                                486,896
0x56                                430,531
0x24                                420,492
0x59                                415,291
0x5a                                384,981
0x23                                315,348
0x39                                294,958
0x25                                274,352
0x26                                269,822
0x29                                266,061
0x5d                                244,596
0x2c                                237,324
0x6b                                228,248
0x6a                                220,783
0x58                                207,454
0x27                                204,388
0x68                                196,210
0x2b                                188,491
0x28                                170,521
0x52                                155,589
0x69                                130,803
0x2a                                 84,613
0x40                                 64,351
0x34                                 53,712
0x45                                 52,448
0x43                                 46,905
0x38                                 41,242
0x47                                 40,423
0x42                                 40,330
0x3f                                 38,534
0x5c                                 32,370
0x3b                                 32,281
0x3c                                 31,785
0x36                                 29,579
0x4b                                 26,994
0x3d                                 21,001
0x6c                                 19,306
0x63                                 17,230
0x4a                                 15,381
0x3a                                 14,568
0x3e                                 13,234
0x48                                 12,424
0x1d                                  8,167
0x49                                  7,380
0x44                                  4,455
0x4c                                  3,339
0x12                                  2,957
0x4d                                  2,339
0x2d                                  1,326
0x19                                    830
0x1e                                    646
0x14                                    388
0x4e                                    378
0x1b                                    318
0x50                                    260
0x17                                    198
0x33                                    128
0x18                                    116
0x13                                    104
0x2f                                     93
0x1c                                     81
0x16                                     61
0x31                                     56
0x7a                                     42
0x30                                     41
0x15                                     32
0x32                                     29
0x70                                     27
0x2e                                     10
0x10                                      8
0x6d                                      6
0x6f                                      6
0x75                                      5
0x77                                      5
0x7b                                      5
0x7d                                      5
0x6e                                      4
0x4f                                      3
0x51                                      3
0x7f                                      3
0x71                                      2
0x73                                      2
0xf                                       1
0x11                                      1
0x72                                      1
0x74                                      1
0x76                                      1
0x78                                      1
0x79                                      1
0x7c                                      1
0x7e                                      1
Label distribution...                  0.02 sec.  [ 30.69 sec.]
Compacting...                 
Initial output size              55,726,895
Moved 25 states, output size     54,416,082
Moved 50 states, output size     54,279,947
Moved 75 states, output size     54,152,705
Moved 100 states, output size    54,047,578
Moved 125 states, output size    53,983,442
Moved 150 states, output size    53,929,855
Will move 150 states, final size   53,929,855
Compacting...                        226.71 sec.  [363.02 sec.]
Serializing CFSA2...                 338.63 sec.  [368.39 sec.]
