data-sets/ciura-deorowicz/random.dict	morfologik_cfsa2	1048940	wall	2.65	0:02.65	user	0.01	sys	0.00	max-mem-kb	256512	dta	0	inputs	0	outputs	0
data-sets/ciura-deorowicz/files.dict	morfologik_cfsa2	21819840	wall	74.15	1:14.15	user	0.00	sys	0.00	max-mem-kb	256512	dta	0	inputs	0	outputs	0
data-sets/ciura-deorowicz/unix.dict	morfologik_cfsa2	115909	wall	0.64	0:00.64	user	0.00	sys	0.00	max-mem-kb	257536	dta	0	inputs	0	outputs	0
data-sets/ciura-deorowicz/ifiles.dict	morfologik_cfsa2	53929879	wall	368.73	6:08.73	user	0.01	sys	0.00	max-mem-kb	256768	dta	0	inputs	0	outputs	0
data-sets/ciura-deorowicz/scrable.dict	morfologik_cfsa2	745080	wall	1.78	0:01.78	user	0.00	sys	0.01	max-mem-kb	256512	dta	0	inputs	0	outputs	0
data-sets/ciura-deorowicz/full.dict	morfologik_cfsa2	181	wall	0.17	0:00.17	user	0.01	sys	0.00	max-mem-kb	256512	dta	0	inputs	0	outputs	0
data-sets/ciura-deorowicz/unix_m.dict	morfologik_cfsa2	90233	wall	0.56	0:00.56	user	0.00	sys	0.00	max-mem-kb	256512	dta	0	inputs	0	outputs	0
data-sets/ciura-deorowicz/deutsch.dict	morfologik_cfsa2	810817	wall	1.78	0:01.78	user	0.00	sys	0.01	max-mem-kb	256512	dta	0	inputs	0	outputs	0
data-sets/ciura-deorowicz/dimacs.dict	morfologik_cfsa2	1839256	wall	4.79	0:04.79	user	0.00	sys	0.00	max-mem-kb	257280	dta	0	inputs	0	outputs	0
data-sets/ciura-deorowicz/webster.dict	morfologik_cfsa2	397478	wall	1.08	0:01.08	user	0.00	sys	0.01	max-mem-kb	256256	dta	0	inputs	0	outputs	0
data-sets/ciura-deorowicz/test.dict	morfologik_cfsa2	132	wall	0.17	0:00.17	user	0.00	sys	0.01	max-mem-kb	256512	dta	0	inputs	0	outputs	0
data-sets/ciura-deorowicz/fr.dict	morfologik_cfsa2	800901	wall	1.68	0:01.68	user	0.00	sys	0.00	max-mem-kb	256512	dta	0	inputs	0	outputs	0
data-sets/ciura-deorowicz/eo.dict	morfologik_cfsa2	3173821	wall	3.47	0:03.47	user	0.00	sys	0.00	max-mem-kb	256768	dta	0	inputs	0	outputs	0
data-sets/ciura-deorowicz/sample.dict	morfologik_cfsa2	72	wall	0.16	0:00.16	user	0.00	sys	0.00	max-mem-kb	256768	dta	0	inputs	0	outputs	0
data-sets/ciura-deorowicz/esp.dict	morfologik_cfsa2	2333122	wall	5.58	0:05.58	user	0.00	sys	0.00	max-mem-kb	256256	dta	0	inputs	0	outputs	0
data-sets/ciura-deorowicz/polish.dict	morfologik_cfsa2	4854550	wall	10.92	0:10.92	user	0.01	sys	0.00	max-mem-kb	256512	dta	0	inputs	0	outputs	0
data-sets/ciura-deorowicz/english.dict	morfologik_cfsa2	307276	wall	0.97	0:00.97	user	0.00	sys	0.01	max-mem-kb	256256	dta	0	inputs	0	outputs	0
data-sets/ciura-deorowicz/enable.dict	morfologik_cfsa2	402929	wall	1.21	0:01.21	user	0.00	sys	0.01	max-mem-kb	256512	dta	0	inputs	0	outputs	0
data-sets/ciura-deorowicz/russian.dict	morfologik_cfsa2	2767407	wall	5.25	0:05.25	user	0.01	sys	0.00	max-mem-kb	257280	dta	0	inputs	0	outputs	0
data-sets/ciura-deorowicz/one.dict	morfologik_cfsa2	36	wall	0.15	0:00.15	user	0.00	sys	0.00	max-mem-kb	256512	dta	0	inputs	0	outputs	0
data-sets/weiss/streets.dict	morfologik_cfsa2	299276	wall	1.00	0:01.00	user	0.00	sys	0.00	max-mem-kb	256768	dta	0	inputs	0	outputs	0
data-sets/weiss/wikipedia.dict	morfologik_cfsa2	51206551	wall	120.47	2:00.47	user	0.00	sys	0.00	max-mem-kb	256256	dta	0	inputs	0	outputs	0
data-sets/weiss/streets2.dict	morfologik_cfsa2	108056	wall	0.68	0:00.68	user	0.00	sys	0.01	max-mem-kb	256512	dta	0	inputs	0	outputs	0
data-sets/weiss/pl.dict	morfologik_cfsa2	19765061	wall	64.16	1:04.16	user	0.00	sys	0.00	max-mem-kb	256512	dta	0	inputs	0	outputs	0
data-sets/weiss/wikipedia2.dict	morfologik_cfsa2	220474244	wall	786.69	13:06.69	user	0.00	sys	0.00	max-mem-kb	258560	dta	0	inputs	0	outputs	0
