Assuming input is already sorted
Building FSA...                        0.01 sec.  [  0.11 sec.]
Input sequences                      59,174
Statistics...                          0.07 sec.  [  0.18 sec.]
Nodes                                70,562
Arcs                                122,333
Tail nodes                           27,107
States with the given # of outgoing arcs:
  #1                                 44,598
  #2                                 15,739
  #3                                  4,964
  #4                                  2,143
  #5                                  1,132
  #6                                    665
  #7                                    408
  #8                                    247
  #9                                    184
  #10                                   101
  #11                                    73
  #12                                    58
  #13                                    43
  #14                                    46
  #15                                    28
  #16                                    21
  #17                                    27
  #18                                    21
  #19                                    16
  #20                                    16
  #21                                    12
  #22                                     9
  #23                                     2
  #24                                     0
  #25                                     3
  #26                                     0
  #27                                     1
  #28                                     0
  #29                                     1
  #30                                     1
  #31                                     0
  #32                                     1
  #33                                     0
  #34                                     0
  #35                                     0
  #36                                     1
FSA builder properties:
Serialization buffer size         5,242,880
Serialization buffer reallocs             1
Constant arc FSA size               821,550
Max active path                          57
Registry hash slots                  65,536
Registry hash entries                31,742
Estimated mem consumption (MB)         5.25
est. number storage                  59,175
Serializing CFSA2...          
Label distribution...         
0x61                                  9,685
0x6f                                  9,573
0x69                                  8,977
0x65                                  7,606
0x6b                                  7,459
0x6e                                  5,983
0x73                                  5,896
0x63                                  5,675
0x77                                  5,485
0x7a                                  5,195
0x72                                  4,674
0xc5                                  4,299
0x20                                  4,096
0x79                                  3,917
0xc3                                  3,312
0x6c                                  3,152
0x64                                  3,023
0x74                                  2,766
0x6d                                  2,342
0x75                                  2,192
0x67                                  1,934
0x70                                  1,912
0x62                                  1,815
0x2d                                  1,489
0x82                                  1,426
0xc4                                  1,236
0x6a                                  1,214
0xb3                                  1,030
0x68                                  1,002
0x99                                    653
0xbc                                    518
0x84                                    512
0x9b                                    503
0x7c                                    455
0x85                                    409
0x66                                    309
0xba                                    135
0x30                                     62
0x31                                     50
0x87                                     50
0x76                                     41
0x2e                                     32
0x33                                     29
0x35                                     28
0x39                                     26
0x28                                     22
0x36                                     20
0x34                                     19
0x38                                     19
0x32                                     18
0x37                                     18
0x78                                     17
0xb6                                      5
0x5b                                      4
0x2f                                      3
0x29                                      1
0x5f                                      1
0x71                                      1
0x80                                      1
0x93                                      1
0x9f                                      1
0xa1                                      1
0xa9                                      1
0xab                                      1
0xe2                                      1
Label distribution...                  0.01 sec.  [  0.28 sec.]
Compacting...                 
Initial output size                 317,330
Moved 25 states, output size        302,677
Moved 50 states, output size        298,965
Moved 75 states, output size        299,024
Moved 100 states, output size       299,091
Moved 125 states, output size       299,167
Moved 150 states, output size       299,252
Will move 150 states, final size      299,252
Compacting...                          0.36 sec.  [  0.80 sec.]
Serializing CFSA2...                   0.63 sec.  [  0.88 sec.]
