Assuming input is already sorted
Building FSA...                        0.00 sec.  [  0.12 sec.]
Input sequences                     173,528
Statistics...                          0.08 sec.  [  0.20 sec.]
Nodes                                83,964
Arcs                                176,354
Tail nodes                            2,996
States with the given # of outgoing arcs:
  #1                                 36,306
  #2                                 28,728
  #3                                  9,749
  #4                                  4,104
  #5                                  1,971
  #6                                    992
  #7                                    632
  #8                                    369
  #9                                    274
  #10                                   202
  #11                                   137
  #12                                   118
  #13                                    76
  #14                                    68
  #15                                    39
  #16                                    41
  #17                                    31
  #18                                    28
  #19                                    18
  #20                                    17
  #21                                    12
  #22                                    17
  #23                                    16
  #24                                     7
  #25                                     6
  #26                                     5
FSA builder properties:
Serialization buffer size         5,242,880
Serialization buffer reallocs             1
Constant arc FSA size             1,101,132
Max active path                          28
Registry hash slots                  65,536
Registry hash entries                25,683
Estimated mem consumption (MB)         5.25
est. number storage                 173,529
Serializing CFSA2...          
Label distribution...         
0x65                                 23,427
0x69                                 22,832
0x73                                 16,492
0x61                                 12,574
0x6e                                 11,408
0x72                                 10,980
0x6c                                 10,727
0x74                                 10,566
0x6f                                 10,547
0x64                                  6,189
0x63                                  6,043
0x75                                  5,127
0x79                                  4,628
0x6d                                  4,171
0x68                                  3,320
0x67                                  3,181
0x70                                  2,981
0x62                                  2,836
0x66                                  1,794
0x76                                  1,771
0x6b                                  1,325
0x7a                                  1,245
0x77                                  1,234
0x78                                    504
0x71                                    246
0x6a                                    205
Label distribution...                  0.00 sec.  [  0.30 sec.]
Compacting...                 
Initial output size                 453,013
Moved 25 states, output size        409,741
Moved 50 states, output size        402,912
Moved 75 states, output size        402,974
Moved 100 states, output size       403,000
Moved 125 states, output size       402,903
Moved 150 states, output size       402,905
Will move 150 states, final size      402,905
Compacting...                          0.50 sec.  [  1.00 sec.]
Serializing CFSA2...                   0.80 sec.  [  1.08 sec.]
