Assuming input is already sorted
Building FSA...                        0.01 sec.  [  0.16 sec.]
Input sequences                     221,376
Warning: input contained carriage returns?
Statistics...                          0.10 sec.  [  0.26 sec.]
Nodes                               162,606
Arcs                                383,981
Tail nodes                            3,662
States with the given # of outgoing arcs:
  #1                                 49,812
  #2                                 62,445
  #3                                 20,988
  #4                                 14,291
  #5                                  9,254
  #6                                  1,528
  #7                                  2,948
  #8                                    670
  #9                                    287
  #10                                   105
  #11                                    55
  #12                                    45
  #13                                    27
  #14                                    32
  #15                                    30
  #16                                    17
  #17                                    21
  #18                                     9
  #19                                    11
  #20                                    10
  #21                                     6
  #22                                     7
  #23                                     2
  #24                                     1
  #25                                     2
  #26                                     0
  #27                                     0
  #28                                     1
  #29                                     0
  #30                                     0
  #31                                     0
  #32                                     0
  #33                                     0
  #34                                     0
  #35                                     0
  #36                                     0
  #37                                     0
  #38                                     0
  #39                                     0
  #40                                     0
  #41                                     0
  #42                                     0
  #43                                     0
  #44                                     0
  #45                                     0
  #46                                     0
  #47                                     0
  #48                                     0
  #49                                     0
  #50                                     0
  #51                                     0
  #52                                     0
  #53                                     0
  #54                                     0
  #55                                     0
  #56                                     0
  #57                                     0
  #58                                     0
  #59                                     0
  #60                                     0
  #61                                     1
FSA builder properties:
Serialization buffer size         5,242,880
Serialization buffer reallocs             1
Constant arc FSA size             2,343,822
Max active path                          26
Registry hash slots                   8,192
Registry hash entries                 3,663
Estimated mem consumption (MB)      5.03125
est. number storage                 221,377
Serializing CFSA2...          
Label distribution...         
0xd                                  67,634
0x73                                 66,432
0x65                                 59,750
0x69                                 31,123
0x74                                 27,313
0x6f                                 26,298
0x6e                                 25,126
0x61                                 14,367
0x72                                 12,636
0x6d                                  7,202
0x28                                  5,896
0x7a                                  5,843
0x75                                  5,556
0x6c                                  4,856
0x26                                  4,657
0x24                                  3,267
0x63                                  2,675
0x67                                  1,875
0x64                                  1,573
0x62                                  1,370
0x70                                  1,176
0x71                                  1,050
0x66                                    952
0x68                                    920
0x76                                    918
0x2d                                    769
0x2b                                    733
0x78                                    702
0x79                                    388
0x25                                    138
0x6b                                    120
0x29                                    110
0x6a                                    110
0x2f                                     52
0x2e                                     50
0x31                                     43
0x77                                     37
0x23                                     29
0x27                                     29
0x41                                     17
0x43                                     17
0x53                                     16
0x45                                     14
0x4d                                     13
0x49                                     12
0x50                                     12
0x2a                                      8
0x46                                      8
0x4c                                      8
0x52                                      8
0x4e                                      7
0x4f                                      7
0x54                                      7
0x44                                      5
0x55                                      5
0x42                                      4
0x47                                      4
0x48                                      4
0x4a                                      4
0x57                                      4
0x21                                      3
0x56                                      3
0x58                                      3
0x30                                      2
0x32                                      2
0x4b                                      2
0x51                                      2
0x59                                      2
0x22                                      1
0x5a                                      1
Label distribution...                  0.01 sec.  [  0.39 sec.]
Compacting...                 
Initial output size                 953,214
Moved 25 states, output size        802,441
Moved 50 states, output size        801,434
Moved 75 states, output size        801,177
Moved 100 states, output size       801,044
Moved 125 states, output size       800,929
Moved 150 states, output size       800,877
Will move 150 states, final size      800,877
Compacting...                          0.83 sec.  [  1.47 sec.]
Serializing CFSA2...                   1.21 sec.  [  1.56 sec.]
