Assuming input is already sorted
Building FSA...                        0.01 sec.  [  0.39 sec.]
Input sequences                     309,360
Warning: input contained carriage returns?
Statistics...                          0.17 sec.  [  0.56 sec.]
Nodes                               525,029
Arcs                                834,388
Tail nodes                          157,224
States with the given # of outgoing arcs:
  #1                                366,471
  #2                                 97,833
  #3                                 27,485
  #4                                 12,904
  #5                                  7,279
  #6                                  4,602
  #7                                  2,955
  #8                                  2,059
  #9                                  1,428
  #10                                 1,028
  #11                                   215
  #12                                   181
  #13                                   127
  #14                                   115
  #15                                    79
  #16                                    59
  #17                                    61
  #18                                    42
  #19                                    32
  #20                                    27
  #21                                    19
  #22                                    17
  #23                                     5
  #24                                     2
  #25                                     1
  #26                                     0
  #27                                     2
FSA builder properties:
Serialization buffer size         5,242,880
Serialization buffer reallocs             1
Constant arc FSA size             5,063,160
Max active path                          37
Registry hash slots                 524,288
Registry hash entries               157,225
Estimated mem consumption (MB)          7.0
est. number storage                 309,361
Serializing CFSA2...          
Label distribution...         
0x5f                                265,199
0x35                                 58,469
0x31                                 52,479
0x33                                 51,087
0x32                                 49,276
0x34                                 45,143
0x36                                 43,210
0x37                                 40,404
0x38                                 38,323
0x39                                 32,498
0x30                                 32,065
0xd                                  11,507
0x41                                  8,859
0x53                                  8,610
0x43                                  6,993
0x42                                  6,931
0x4d                                  6,806
0x50                                  5,675
0x47                                  5,243
0x48                                  5,129
0x52                                  4,959
0x4c                                  4,946
0x44                                  4,510
0x46                                  4,089
0x2e                                  4,078
0x5a                                  4,037
0x54                                  3,996
0x45                                  3,971
0x57                                  3,919
0x4b                                  3,880
0x4e                                  3,272
0x49                                  3,023
0x4f                                  2,394
0x56                                  2,211
0x4a                                  2,208
0x58                                  2,036
0x55                                  1,829
0x59                                    635
0x51                                    483
0x28                                      4
0x29                                      1
Label distribution...                  0.01 sec.  [  0.75 sec.]
Compacting...                 
Initial output size               2,006,809
Moved 25 states, output size      1,864,455
Moved 50 states, output size      1,848,426
Moved 75 states, output size      1,846,288
Moved 100 states, output size     1,844,036
Moved 125 states, output size     1,842,378
Moved 150 states, output size     1,839,232
Will move 150 states, final size    1,839,232
Compacting...                          3.16 sec.  [  4.52 sec.]
Serializing CFSA2...                   3.96 sec.  [  4.67 sec.]
