Assuming input is already sorted
Building FSA...                        0.01 sec.  [  0.01 sec.]
Input sequences                          13
Warning: input contained carriage returns?
Statistics...                          0.00 sec.  [  0.02 sec.]
Nodes                                    20
Arcs                                     32
Tail nodes                                3
States with the given # of outgoing arcs:
  #1                                      8
  #2                                     10
  #3                                      1
FSA builder properties:
Serialization buffer size         5,242,880
Serialization buffer reallocs             1
Constant arc FSA size                12,480
Max active path                           8
Registry hash slots                       8
Registry hash entries                     4
Estimated mem consumption (MB)  5.000030517578125
est. number storage                      14
Serializing CFSA2...          
Label distribution...         
0x69                                      6
0xd                                       5
0x64                                      4
0x65                                      4
0x73                                      3
0x79                                      3
0x6e                                      2
0x66                                      1
0x67                                      1
0x72                                      1
0x74                                      1
Label distribution...                  0.00 sec.  [  0.03 sec.]
Compacting...                 
Initial output size                      52
Moved 2 states, output size              55
Will move 0 states, final size           52
Compacting...                          0.00 sec.  [  0.03 sec.]
Serializing CFSA2...                   0.01 sec.  [  0.03 sec.]
