Assuming input is already sorted
Building FSA...                        0.01 sec.  [  0.13 sec.]
Input sequences                     172,823
Warning: input contained carriage returns?
Statistics...                          0.11 sec.  [  0.24 sec.]
Nodes                               206,787
Arcs                                379,609
Tail nodes                            2,967
States with the given # of outgoing arcs:
  #1                                104,638
  #2                                 68,988
  #3                                 17,566
  #4                                  8,047
  #5                                  3,361
  #6                                  1,574
  #7                                    762
  #8                                    537
  #9                                    314
  #10                                   231
  #11                                   189
  #12                                   122
  #13                                   109
  #14                                    69
  #15                                    59
  #16                                    41
  #17                                    35
  #18                                    30
  #19                                    22
  #20                                    18
  #21                                    19
  #22                                     9
  #23                                    15
  #24                                    13
  #25                                    10
  #26                                     7
  #27                                     1
FSA builder properties:
Serialization buffer size         5,242,880
Serialization buffer reallocs             1
Constant arc FSA size             2,322,198
Max active path                          29
Registry hash slots                   8,192
Registry hash entries                 2,968
Estimated mem consumption (MB)      5.03125
est. number storage                 172,824
Serializing CFSA2...          
Label distribution...         
0x73                                 65,598
0xd                                  61,316
0x65                                 42,369
0x69                                 34,906
0x6e                                 20,391
0x61                                 18,192
0x74                                 17,926
0x72                                 17,221
0x6c                                 17,085
0x6f                                 14,854
0x64                                 13,490
0x79                                  8,658
0x63                                  8,075
0x75                                  6,214
0x6d                                  6,112
0x67                                  5,494
0x68                                  4,620
0x70                                  3,789
0x62                                  3,148
0x6b                                  2,325
0x66                                  2,028
0x76                                  1,920
0x77                                  1,477
0x7a                                  1,317
0x78                                    622
0x71                                    255
0x6a                                    206
Label distribution...                  0.00 sec.  [  0.37 sec.]
Compacting...                 
Initial output size                 855,535
Moved 25 states, output size        748,033
Moved 50 states, output size        746,212
Moved 75 states, output size        745,606
Moved 100 states, output size       745,332
Moved 125 states, output size       745,180
Moved 150 states, output size       745,056
Will move 150 states, final size      745,056
Compacting...                          0.91 sec.  [  1.56 sec.]
Serializing CFSA2...                   1.32 sec.  [  1.66 sec.]
