Assuming input is already sorted
Building FSA...                        0.01 sec.  [  0.19 sec.]
Input sequences                     100,000
Warning: input contained carriage returns?
Statistics...                          0.14 sec.  [  0.38 sec.]
Nodes                               329,062
Arcs                                429,061
Tail nodes                          301,460
States with the given # of outgoing arcs:
  #1                                301,753
  #2                                  9,966
  #3                                  2,894
  #4                                  3,177
  #5                                  3,499
  #6                                  2,948
  #7                                  1,996
  #8                                  1,145
  #9                                    551
  #10                                   284
  #11                                   103
  #12                                    34
  #13                                     7
  #14                                     1
  #15                                     0
  #16                                     0
  #17                                     0
  #18                                     0
  #19                                     0
  #20                                     0
  #21                                     0
  #22                                     0
  #23                                     0
  #24                                     2
  #25                                    49
  #26                                   652
FSA builder properties:
Serialization buffer size         5,242,880
Serialization buffer reallocs             1
Constant arc FSA size             2,598,942
Max active path                          16
Registry hash slots               1,048,576
Registry hash entries               301,461
Estimated mem consumption (MB)          9.0
est. number storage                 100,001
Serializing CFSA2...          
Label distribution...         
0x59                                 16,659
0x4d                                 16,597
0x44                                 16,576
0x4c                                 16,550
0x41                                 16,547
0x45                                 16,544
0x4f                                 16,529
0x48                                 16,522
0x56                                 16,486
0x42                                 16,476
0x4e                                 16,456
0x55                                 16,454
0x58                                 16,434
0x43                                 16,422
0x4a                                 16,408
0x50                                 16,403
0x49                                 16,400
0x53                                 16,390
0x4b                                 16,374
0x47                                 16,367
0x51                                 16,360
0x46                                 16,354
0x5a                                 16,325
0x52                                 16,314
0x54                                 16,289
0x57                                 16,203
0xd                                   1,621
Label distribution...                  0.00 sec.  [  0.51 sec.]
Compacting...                 
Initial output size               1,068,436
Moved 25 states, output size      1,051,194
Moved 50 states, output size      1,049,396
Moved 75 states, output size      1,049,218
Moved 100 states, output size     1,049,108
Moved 125 states, output size     1,049,034
Moved 150 states, output size     1,048,916
Will move 150 states, final size    1,048,916
Compacting...                          1.44 sec.  [  2.36 sec.]
Serializing CFSA2...                   1.99 sec.  [  2.47 sec.]
