Assuming input is already sorted
Building FSA...                        0.01 sec.  [  0.47 sec.]
Input sequences                     957,965
Warning: input contained carriage returns?
Statistics...                          0.19 sec.  [  0.67 sec.]
Nodes                               565,083
Arcs                              1,523,047
Tail nodes                              242
States with the given # of outgoing arcs:
  #1                                 60,896
  #2                                229,231
  #3                                157,618
  #4                                 76,203
  #5                                 27,593
  #6                                 11,172
  #7                                  1,203
  #8                                    429
  #9                                    195
  #10                                   142
  #11                                    88
  #12                                    59
  #13                                    43
  #14                                    50
  #15                                    27
  #16                                    28
  #17                                    17
  #18                                    10
  #19                                    12
  #20                                    12
  #21                                    13
  #22                                    13
  #23                                    11
  #24                                     3
  #25                                     8
  #26                                     4
  #27                                     0
  #28                                     0
  #29                                     1
  #30                                     0
  #31                                     0
  #32                                     0
  #33                                     0
  #34                                     0
  #35                                     0
  #36                                     0
  #37                                     0
  #38                                     0
  #39                                     0
  #40                                     0
  #41                                     0
  #42                                     0
  #43                                     0
  #44                                     0
  #45                                     0
  #46                                     0
  #47                                     0
  #48                                     0
  #49                                     0
  #50                                     0
  #51                                     0
  #52                                     0
  #53                                     0
  #54                                     0
  #55                                     1
FSA builder properties:
Serialization buffer size        10,485,760
Serialization buffer reallocs             2
Constant arc FSA size             9,178,218
Max active path                          26
Registry hash slots                     512
Registry hash entries                   243
Estimated mem consumption (MB)  10.001953125
est. number storage                 957,966
Serializing CFSA2...          
Label distribution...         
0xd                                 405,016
0x6e                                373,607
0x6a                                174,493
0x61                                 95,335
0x6f                                 93,065
0x65                                 88,037
0x73                                 83,769
0x74                                 43,278
0x27                                 39,586
0x69                                 34,759
0x75                                 28,080
0x64                                 16,020
0x6c                                  9,994
0x62                                  6,118
0x72                                  5,904
0x6d                                  5,853
0x67                                  3,567
0x31                                  3,396
0x6b                                  2,836
0x63                                  2,141
0x29                                  1,956
0x70                                  1,639
0x76                                  1,297
0x66                                    894
0x7a                                    681
0x32                                    461
0x28                                    381
0x68                                    269
0x33                                    180
0x2d                                    133
0x30                                     48
0x49                                     25
0x45                                     22
0x41                                     20
0x54                                     17
0x53                                     16
0x4c                                     15
0x4e                                     14
0x4f                                     12
0x50                                     12
0x42                                     10
0x4d                                     10
0x4b                                      9
0x52                                      9
0x56                                      9
0x55                                      7
0x46                                      6
0x47                                      6
0x58                                      6
0x43                                      5
0x44                                      5
0x4a                                      4
0x48                                      2
0x57                                      2
0x77                                      2
0x34                                      1
0x36                                      1
0x37                                      1
0x38                                      1
0x51                                      1
0x59                                      1
0x5a                                      1
0x79                                      1
Label distribution...                  0.01 sec.  [  0.90 sec.]
Compacting...                 
Initial output size               3,747,503
Moved 22 states, output size      3,173,797
Will move 22 states, final size    3,173,797
Compacting...                          1.36 sec.  [  3.15 sec.]
Serializing CFSA2...                   2.53 sec.  [  3.35 sec.]
