Assuming input is already sorted
Building FSA...                        0.01 sec.  [  0.10 sec.]
Input sequences                      92,342
Warning: input contained carriage returns?
Statistics...                          0.08 sec.  [  0.18 sec.]
Nodes                                81,186
Arcs                                173,527
Tail nodes                           10,353
States with the given # of outgoing arcs:
  #1                                 34,565
  #2                                 28,736
  #3                                  8,873
  #4                                  3,655
  #5                                  1,886
  #6                                  1,082
  #7                                    649
  #8                                    438
  #9                                    307
  #10                                   224
  #11                                   158
  #12                                   127
  #13                                   105
  #14                                    85
  #15                                    66
  #16                                    50
  #17                                    29
  #18                                    32
  #19                                    25
  #20                                    16
  #21                                    18
  #22                                     9
  #23                                    12
  #24                                    15
  #25                                     9
  #26                                     8
  #27                                     6
FSA builder properties:
Serialization buffer size         5,242,880
Serialization buffer reallocs             1
Constant arc FSA size             1,081,098
Max active path                          26
Registry hash slots                  32,768
Registry hash entries                10,354
Estimated mem consumption (MB)        5.125
est. number storage                  92,343
Serializing CFSA2...          
Label distribution...         
0x45                                 18,076
0x49                                 17,657
0xd                                  16,128
0x41                                 13,520
0x54                                 11,360
0x4f                                 10,910
0x4c                                 10,868
0x4e                                 10,193
0x52                                  9,818
0x53                                  7,747
0x43                                  6,182
0x59                                  5,230
0x55                                  5,166
0x4d                                  4,796
0x44                                  4,471
0x47                                  3,524
0x48                                  3,494
0x50                                  3,047
0x42                                  3,029
0x46                                  2,135
0x56                                  1,816
0x57                                  1,288
0x4b                                  1,166
0x5a                                  1,011
0x58                                    437
0x51                                    281
0x4a                                    176
Label distribution...                  0.00 sec.  [  0.27 sec.]
Compacting...                 
Initial output size                 452,636
Moved 25 states, output size        405,651
Moved 50 states, output size        398,292
Moved 75 states, output size        397,299
Moved 100 states, output size       397,329
Moved 125 states, output size       397,400
Moved 150 states, output size       397,454
Will move 150 states, final size      397,454
Compacting...                          0.44 sec.  [  0.88 sec.]
Serializing CFSA2...                   0.71 sec.  [  0.96 sec.]
