Assuming input is already sorted
Building FSA...                        0.01 sec.  [  0.01 sec.]
Input sequences                          64
Warning: input contained carriage returns?
Statistics...                          0.00 sec.  [  0.02 sec.]
Nodes                                    23
Arcs                                     86
Tail nodes                                1
States with the given # of outgoing arcs:
  #1                                      1
  #2                                      0
  #3                                      0
  #4                                     21
FSA builder properties:
Serialization buffer size         5,242,880
Serialization buffer reallocs             1
Constant arc FSA size                 6,660
Max active path                           4
Registry hash slots                       4
Registry hash entries                     2
Estimated mem consumption (MB)  5.0000152587890625
est. number storage                      65
Serializing CFSA2...          
Label distribution...         
0x41                                     21
0x42                                     21
0x43                                     21
0x44                                     21
0xd                                       1
Label distribution...                  0.00 sec.  [  0.02 sec.]
Compacting...                 
Initial output size                     167
Moved 1 states, output size             172
Will move 0 states, final size          167
Compacting...                          0.00 sec.  [  0.03 sec.]
Serializing CFSA2...                   0.01 sec.  [  0.03 sec.]
