Assuming input is already sorted
  2.63s, sequences: 1000000
  5.73s, sequences: 2000000
  8.37s, sequences: 3000000
Building FSA...                        0.02 sec.  [ 10.12 sec.]
Input sequences                   3,672,200
Statistics...                          1.17 sec.  [ 11.29 sec.]
Nodes                             4,042,761
Arcs                              7,714,773
Tail nodes                           60,944
States with the given # of outgoing arcs:
  #1                              2,329,218
  #2                                842,796
  #3                                352,598
  #4                                244,787
  #5                                135,552
  #6                                 70,377
  #7                                 31,636
  #8                                 16,149
  #9                                  5,705
  #10                                 6,246
  #11                                 3,750
  #12                                 1,212
  #13                                   998
  #14                                   623
  #15                                   233
  #16                                   180
  #17                                   148
  #18                                   101
  #19                                    81
  #20                                    69
  #21                                    46
  #22                                    47
  #23                                    47
  #24                                    35
  #25                                    29
  #26                                    26
  #27                                    21
  #28                                    15
  #29                                    16
  #30                                     5
  #31                                     5
  #32                                     3
  #33                                     1
  #34                                     0
  #35                                     0
  #36                                     0
  #37                                     1
  #38                                     2
  #39                                     0
  #40                                     0
  #41                                     0
  #42                                     1
  #43                                     0
  #44                                     0
  #45                                     0
  #46                                     0
  #47                                     0
  #48                                     0
  #49                                     0
  #50                                     0
  #51                                     0
  #52                                     0
  #53                                     0
  #54                                     0
  #55                                     0
  #56                                     0
  #57                                     0
  #58                                     0
  #59                                     0
  #60                                     0
  #61                                     0
  #62                                     0
  #63                                     0
  #64                                     0
  #65                                     0
  #66                                     0
  #67                                     0
  #68                                     0
  #69                                     1
FSA builder properties:
Serialization buffer size        47,185,920
Serialization buffer reallocs             9
Constant arc FSA size            46,466,814
Max active path                         116
Registry hash slots                 131,072
Registry hash entries                61,059
Estimated mem consumption (MB)         45.5
est. number storage               3,672,201
Serializing CFSA2...          
Label distribution...         
0x2b                              1,320,604
0x6d                                747,068
0x63                                507,497
0x61                                505,815
0x69                                420,773
0x41                                384,058
0x65                                372,983
0x79                                368,808
0x6f                                326,209
0x67                                275,861
0x6a                                243,861
0xb1                                202,193
0x3a                                184,263
0xb6                                180,427
0x73                                146,403
0x44                                139,936
0x75                                114,811
0x62                                113,244
0x6e                                110,706
0x77                                108,470
0x64                                 90,632
0x72                                 84,398
0xe6                                 81,094
0xbf                                 68,539
0x6b                                 60,840
0x76                                 55,791
0xea                                 54,595
0x7a                                 53,099
0xf3                                 48,837
0x6c                                 46,310
0xf1                                 45,948
0x74                                 37,767
0x43                                 34,021
0xb3                                 29,422
0x42                                 28,857
0x45                                 23,293
0x70                                 20,798
0x46                                 16,711
0x68                                 13,677
0x47                                  9,190
0x33                                  8,553
0x48                                  5,719
0x2e                                  5,697
0x66                                  5,365
0x49                                  4,434
0xbc                                  1,965
0x4a                                  1,169
0x31                                  1,014
0x32                                    775
0x4b                                    492
0x2d                                    424
0x78                                    209
0x71                                    196
0x4c                                    189
0x4d                                    148
0x53                                     92
0x4e                                     85
0x52                                     64
0x50                                     58
0x4f                                     53
0x54                                     49
0x5a                                     34
0xe9                                     34
0x57                                     22
0xfc                                     19
0xf6                                     17
0xe1                                     16
0x55                                     12
0xa6                                      9
0xaf                                      7
0xe8                                      5
0x58                                      4
0xb9                                      4
0xe4                                      4
0xfd                                      4
0xa3                                      3
0x51                                      2
0x56                                      2
0x59                                      2
0xeb                                      2
0xa9                                      1
0xac                                      1
0xbe                                      1
0xc6                                      1
0xc8                                      1
0xc9                                      1
0xd8                                      1
0xe7                                      1
0xec                                      1
0xf8                                      1
0xfa                                      1
Label distribution...                  0.01 sec.  [ 12.46 sec.]
Compacting...                 
Initial output size              21,655,671
Moved 25 states, output size     20,344,527
Moved 50 states, output size     20,003,702
Moved 75 states, output size     19,949,374
Moved 100 states, output size    19,886,595
Moved 125 states, output size    19,758,252
Moved 150 states, output size    19,765,037
Will move 150 states, final size   19,765,037
Compacting...                         42.32 sec.  [ 63.03 sec.]
Serializing CFSA2...                  51.79 sec.  [ 63.99 sec.]
