Assuming input is already sorted
  0.53s, sequences: 1000000
  1.02s, sequences: 2000000
  1.70s, sequences: 3000000
  2.44s, sequences: 4000000
  3.06s, sequences: 5000000
  3.68s, sequences: 6000000
  4.32s, sequences: 7000000
  4.95s, sequences: 8000000
  5.89s, sequences: 9000000
Building FSA...                        0.05 sec.  [  6.81 sec.]
Input sequences                   9,803,311
Statistics...                          2.73 sec.  [  9.54 sec.]
Nodes                             8,374,391
Arcs                             15,841,068
Tail nodes                        4,355,421
States with the given # of outgoing arcs:
  #1                              5,690,603
  #2                              1,385,958
  #3                                489,640
  #4                                249,346
  #5                                148,882
  #6                                 98,480
  #7                                 69,177
  #8                                 50,633
  #9                                 38,981
  #10                                39,889
  #11                                20,829
  #12                                14,222
  #13                                10,888
  #14                                 8,451
  #15                                 7,079
  #16                                 6,408
  #17                                 5,398
  #18                                 4,654
  #19                                 4,058
  #20                                 3,577
  #21                                 3,085
  #22                                 2,895
  #23                                 2,531
  #24                                 2,351
  #25                                 2,046
  #26                                 1,881
  #27                                 1,627
  #28                                 1,542
  #29                                 1,326
  #30                                 1,135
  #31                                   954
  #32                                   884
  #33                                   714
  #34                                   754
  #35                                   627
  #36                                   875
  #37                                   453
  #38                                   323
  #39                                   265
  #40                                   207
  #41                                   184
  #42                                   119
  #43                                    93
  #44                                    75
  #45                                    53
  #46                                    44
  #47                                    36
  #48                                    33
  #49                                    15
  #50                                    11
  #51                                    18
  #52                                    12
  #53                                     4
  #54                                     2
  #55                                     6
  #56                                     8
  #57                                     7
  #58                                     8
  #59                                     4
  #60                                     3
  #61                                     0
  #62                                     1
  #63                                     6
  #64                                    19
  #65                                     0
  #66                                     0
  #67                                     0
  #68                                     0
  #69                                     0
  #70                                     0
  #71                                     0
  #72                                     0
  #73                                     0
  #74                                     0
  #75                                     0
  #76                                     0
  #77                                     0
  #78                                     0
  #79                                     0
  #80                                     1
FSA builder properties:
Serialization buffer size        99,614,720
Serialization buffer reallocs            19
Constant arc FSA size            95,430,408
Max active path                         250
Registry hash slots              16,777,216
Registry hash entries             5,118,206
Estimated mem consumption (MB)        159.0
est. number storage               9,803,312
Serializing CFSA2...          
Label distribution...         
0x61                                903,468
0x65                                717,879
0x69                                717,274
0x6f                                597,073
0x6e                                558,245
0x72                                549,073
0x74                                502,807
0x30                                478,350
0x73                                463,876
0x6c                                444,007
0x31                                432,544
0x32                                413,445
0x63                                397,495
0x33                                382,323
0x75                                370,136
0x64                                363,936
0x35                                359,675
0x34                                344,006
0x39                                337,507
0x37                                332,576
0x36                                331,310
0x38                                328,000
0x6d                                304,421
0x68                                295,706
0x62                                271,943
0x67                                249,426
0x70                                241,173
0x6b                                240,925
0x66                                236,605
0xe0                                214,867
0x79                                182,268
0x76                                171,153
0x77                                157,704
0xd0                                149,214
0xb8                                148,602
0x7a                                120,306
0xc3                                118,823
0x6a                                117,687
0xd1                                 97,398
0x78                                 82,717
0x83                                 81,638
0x71                                 70,145
0xb0                                 62,779
0x82                                 57,743
0xe3                                 51,895
0x81                                 47,750
0xb9                                 47,243
0xb5                                 46,435
0xa4                                 45,120
0xbe                                 44,829
0xc4                                 42,918
0xb2                                 39,795
0xe1                                 37,641
0xce                                 35,977
0xb4                                 35,498
0xc5                                 35,464
0x80                                 35,301
0xbd                                 35,232
0xa1                                 35,065
0xb3                                 34,635
0xb1                                 32,845
0xbc                                 32,101
0x88                                 31,642
0xd9                                 30,913
0xa7                                 30,256
0xa6                                 30,066
0xaa                                 29,847
0xd8                                 29,504
0x8d                                 28,985
0x95                                 28,011
0xba                                 27,975
0x99                                 27,426
0xa8                                 27,098
0xd7                                 26,479
0xaf                                 26,267
0xad                                 26,101
0xbf                                 25,065
0x84                                 24,888
0xa5                                 24,664
0xae                                 24,201
0xa9                                 23,674
0x87                                 23,493
0xbb                                 23,042
0xcf                                 21,558
0xa3                                 21,221
0xab                                 20,065
0x86                                 19,035
0x8a                                 18,986
0x8c                                 18,004
0x8b                                 17,826
0x90                                 17,595
0x94                                 17,482
0xac                                 17,093
0xb7                                 16,544
0xc9                                 16,324
0xa0                                 16,300
0x9e                                 16,199
0x98                                 16,075
0xb6                                 16,070
0x9f                                 15,534
0xa2                                 13,948
0xec                                 13,667
0xeb                                 13,611
0x85                                 13,596
0x9c                                 13,475
0x97                                 13,114
0x96                                 13,062
0x9a                                 11,583
0x9b                                 11,304
0x89                                 11,065
0x91                                 10,709
0x9d                                 10,363
0xcb                                 10,256
0x93                                 10,171
0x8f                                 10,084
0xca                                  8,789
0xdb                                  7,707
0x92                                  6,998
0xcc                                  6,716
0x8e                                  6,624
0xd5                                  6,433
0xed                                  6,156
0xd6                                  4,712
0xea                                  4,518
0xde                                  3,801
0xda                                  3,569
0xc7                                  2,231
0xd2                                  1,609
0xef                                  1,357
0xdc                                  1,127
0xc2                                    985
0xd3                                    776
0xcd                                    552
0xc8                                    376
0xc6                                    295
0xe2                                    207
0xdd                                     14
0xd4                                      1
0xe4                                      1
0xe5                                      1
0xe6                                      1
0xe7                                      1
0xe8                                      1
0xe9                                      1
Label distribution...                  0.02 sec.  [ 12.30 sec.]
Compacting...                 
Initial output size              53,879,285
Moved 25 states, output size     52,330,702
Moved 50 states, output size     51,869,673
Moved 75 states, output size     51,715,758
Moved 100 states, output size    51,554,601
Moved 125 states, output size    51,381,758
Moved 150 states, output size    51,206,527
Will move 150 states, final size   51,206,527
Compacting...                         85.14 sec.  [117.99 sec.]
Serializing CFSA2...                 108.50 sec.  [120.22 sec.]
