  0.75s, sequences: 1000000
  1.24s, sequences: 2000000
  1.68s, sequences: 3000000
  2.35s, sequences: 4000000
  2.95s, sequences: 5000000
  3.46s, sequences: 6000000
  4.30s, sequences: 7000000
  4.75s, sequences: 8000000
  5.31s, sequences: 9000000
  5.84s, sequences: 10000000
  6.44s, sequences: 11000000
  8.10s, sequences: 12000000
  8.98s, sequences: 13000000
  9.94s, sequences: 14000000
 11.18s, sequences: 15000000
 12.13s, sequences: 16000000
 13.09s, sequences: 17000000
 14.24s, sequences: 18000000
 16.74s, sequences: 19000000
 17.70s, sequences: 20000000
 18.78s, sequences: 21000000
 20.15s, sequences: 22000000
 21.34s, sequences: 23000000
 22.47s, sequences: 24000000
 23.67s, sequences: 25000000
 24.69s, sequences: 26000000
 25.78s, sequences: 27000000
 27.01s, sequences: 28000000
 28.06s, sequences: 29000000
 29.20s, sequences: 30000000
 30.45s, sequences: 31000000
 31.57s, sequences: 32000000
 33.05s, sequences: 33000000
 36.69s, sequences: 34000000
 37.81s, sequences: 35000000
 39.64s, sequences: 36000000
 43.17s, sequences: 37000000
 44.76s, sequences: 38000000
Building FSA...                       44.91 sec.  [ 44.91 sec.]
Input sequences                  38,092,045
Serializing CFSA2...          i=0 126 1291553 126 > 189734971
i=1 126 1291553 258411 > 173358086
i=2 126 1291553 516696 > 172842339
i=3 126 1291553 774982 > 173755011
i=4 126 1291553 1033267 > 174708715
i=5 126 1291553 1291553 > 175588115
i=0 258411 774981 258411 > 173358086
i=1 258411 774981 361725 > 172967455
i=2 258411 774981 465039 > 172750444
i=3 258411 774981 568353 > 173021227
i=4 258411 774981 671667 > 173394059
i=5 258411 774981 774981 > 173755007
i=0 361725 568353 361725 > 172967455
i=1 361725 568353 403050 > 172869700
i=2 361725 568353 444376 > 172778049
i=3 361725 568353 485701 > 172731694
i=4 361725 568353 527027 > 172876831
i=5 361725 568353 568353 > 173021227
Moved states: 485701 size: 172731694
      1539.45 sec.  [1584.37 sec.]
